{"timestamp":"2025-11-17T01:29:16.383472Z","level":"info","event":"DAG bundles loaded: dags-folder","logger":"airflow.dag_processing.bundles.manager.DagBundlesManager","filename":"manager.py","lineno":179}
{"timestamp":"2025-11-17T01:29:16.391798Z","level":"info","event":"Filling up the DagBag from /opt/airflow/dags/kafka_test.py","logger":"airflow.models.dagbag.DagBag","filename":"dagbag.py","lineno":593}
{"timestamp":"2025-11-17T01:29:17.277493Z","level":"warning","event":"The `airflow.operators.python.PythonOperator` attribute is deprecated. Please use `'airflow.providers.standard.operators.python.PythonOperator'`.","category":"DeprecatedImportWarning","filename":"/opt/airflow/dags/kafka_test.py","lineno":2,"logger":"py.warnings"}
{"timestamp":"2025-11-17T01:29:17.377089Z","level":"info","event":"<BrokerConnection client_id=kafka-python-2.2.15, node_id=bootstrap-0 host=kafka:9092 <connecting> [IPv4 ('172.19.0.2', 9092)]>: connecting to kafka:9092 [('172.19.0.2', 9092) IPv4]","logger":"kafka.conn","filename":"conn.py","lineno":396}
{"timestamp":"2025-11-17T01:29:17.393188Z","level":"info","event":"<BrokerConnection client_id=kafka-python-2.2.15, node_id=bootstrap-0 host=kafka:9092 <checking_api_versions_recv> [IPv4 ('172.19.0.2', 9092)]>: Broker version identified as 2.6","logger":"kafka.conn","filename":"conn.py","lineno":618}
{"timestamp":"2025-11-17T01:29:17.394676Z","level":"info","event":"<BrokerConnection client_id=kafka-python-2.2.15, node_id=bootstrap-0 host=kafka:9092 <connected> [IPv4 ('172.19.0.2', 9092)]>: Connection complete.","logger":"kafka.conn","filename":"conn.py","lineno":457}
{"timestamp":"2025-11-17T01:29:17.396644Z","level":"info","event":"Updating subscribed topics to: ('airflow_topic',)","logger":"kafka.consumer.subscription_state","filename":"subscription_state.py","lineno":181}
{"timestamp":"2025-11-17T01:29:17.398410Z","level":"info","event":"Wating message from topic: airflow_topic","logger":"task.stdout"}
{"timestamp":"2025-11-17T01:29:17.428653Z","level":"error","event":"Topic airflow_topic not found in cluster metadata","logger":"kafka.cluster","filename":"cluster.py","lineno":316}
{"timestamp":"2025-11-17T01:29:17.430950Z","level":"info","event":"<BrokerConnection client_id=kafka-python-2.2.15, node_id=1 host=kafka:9092 <connecting> [IPv4 ('172.19.0.2', 9092)]>: connecting to kafka:9092 [('172.19.0.2', 9092) IPv4]","logger":"kafka.conn","filename":"conn.py","lineno":396}
{"timestamp":"2025-11-17T01:29:17.432057Z","level":"info","event":"<BrokerConnection client_id=kafka-python-2.2.15, node_id=1 host=kafka:9092 <connected> [IPv4 ('172.19.0.2', 9092)]>: Connection complete.","logger":"kafka.conn","filename":"conn.py","lineno":457}
{"timestamp":"2025-11-17T01:29:17.432466Z","level":"info","event":"<BrokerConnection client_id=kafka-python-2.2.15, node_id=bootstrap-0 host=kafka:9092 <connected> [IPv4 ('172.19.0.2', 9092)]>: Closing connection. ","logger":"kafka.conn","filename":"conn.py","lineno":945}
{"timestamp":"2025-11-17T01:29:17.760966Z","level":"info","event":"Coordinator for group/consumer_group is BrokerMetadata(nodeId='coordinator-1', host='kafka', port=9092, rack=None)","logger":"kafka.cluster","filename":"cluster.py","lineno":401}
{"timestamp":"2025-11-17T01:29:17.761508Z","level":"info","event":"Discovered coordinator coordinator-1 for group consumer_group","logger":"kafka.coordinator","filename":"base.py","lineno":788}
{"timestamp":"2025-11-17T01:29:17.762101Z","level":"info","event":"Starting new heartbeat thread","logger":"kafka.coordinator.heartbeat","filename":"base.py","lineno":848}
{"timestamp":"2025-11-17T01:29:17.763919Z","level":"info","event":"Revoking previously assigned partitions set() for group consumer_group","logger":"kafka.coordinator.consumer","filename":"consumer.py","lineno":365}
{"timestamp":"2025-11-17T01:29:17.764233Z","level":"info","event":"Failed to join group consumer_group: NodeNotReadyError: coordinator-1","logger":"kafka.coordinator","filename":"base.py","lineno":419}
{"timestamp":"2025-11-17T01:29:17.766651Z","level":"info","event":"<BrokerConnection client_id=kafka-python-2.2.15, node_id=coordinator-1 host=kafka:9092 <connecting> [IPv4 ('172.19.0.2', 9092)]>: connecting to kafka:9092 [('172.19.0.2', 9092) IPv4]","logger":"kafka.conn","filename":"conn.py","lineno":396}
{"timestamp":"2025-11-17T01:29:17.767754Z","level":"info","event":"<BrokerConnection client_id=kafka-python-2.2.15, node_id=coordinator-1 host=kafka:9092 <connected> [IPv4 ('172.19.0.2', 9092)]>: Connection complete.","logger":"kafka.conn","filename":"conn.py","lineno":457}
{"timestamp":"2025-11-17T01:29:17.868498Z","level":"info","event":"(Re-)joining group consumer_group","logger":"kafka.coordinator","filename":"base.py","lineno":532}
{"timestamp":"2025-11-17T01:29:17.883694Z","level":"warning","event":"Marking the coordinator dead (node coordinator-1) for group consumer_group: [Error 16] NotCoordinatorError.","logger":"kafka.coordinator","filename":"base.py","lineno":810}
{"timestamp":"2025-11-17T01:29:17.884069Z","level":"info","event":"Attempt to join group consumer_group failed due to obsolete coordinator information: NotCoordinatorError","logger":"kafka.coordinator","filename":"base.py","lineno":618}
{"timestamp":"2025-11-17T01:29:17.884307Z","level":"info","event":"Failed to join group consumer_group: [Error 16] NotCoordinatorError","logger":"kafka.coordinator","filename":"base.py","lineno":419}
{"timestamp":"2025-11-17T01:29:17.989902Z","level":"info","event":"Coordinator for group/consumer_group is BrokerMetadata(nodeId='coordinator-1', host='kafka', port=9092, rack=None)","logger":"kafka.cluster","filename":"cluster.py","lineno":401}
{"timestamp":"2025-11-17T01:29:17.990275Z","level":"info","event":"Discovered coordinator coordinator-1 for group consumer_group","logger":"kafka.coordinator","filename":"base.py","lineno":788}
{"timestamp":"2025-11-17T01:29:17.990480Z","level":"info","event":"(Re-)joining group consumer_group","logger":"kafka.coordinator","filename":"base.py","lineno":532}
{"timestamp":"2025-11-17T01:29:17.994024Z","level":"warning","event":"Marking the coordinator dead (node coordinator-1) for group consumer_group: [Error 16] NotCoordinatorError.","logger":"kafka.coordinator","filename":"base.py","lineno":810}
{"timestamp":"2025-11-17T01:29:17.994391Z","level":"info","event":"Attempt to join group consumer_group failed due to obsolete coordinator information: NotCoordinatorError","logger":"kafka.coordinator","filename":"base.py","lineno":618}
{"timestamp":"2025-11-17T01:29:17.994650Z","level":"info","event":"Failed to join group consumer_group: [Error 16] NotCoordinatorError","logger":"kafka.coordinator","filename":"base.py","lineno":419}
{"timestamp":"2025-11-17T01:29:18.101525Z","level":"info","event":"Coordinator for group/consumer_group is BrokerMetadata(nodeId='coordinator-1', host='kafka', port=9092, rack=None)","logger":"kafka.cluster","filename":"cluster.py","lineno":401}
{"timestamp":"2025-11-17T01:29:18.102007Z","level":"info","event":"Discovered coordinator coordinator-1 for group consumer_group","logger":"kafka.coordinator","filename":"base.py","lineno":788}
{"timestamp":"2025-11-17T01:29:18.102277Z","level":"info","event":"(Re-)joining group consumer_group","logger":"kafka.coordinator","filename":"base.py","lineno":532}
{"timestamp":"2025-11-17T01:29:18.106783Z","level":"warning","event":"Marking the coordinator dead (node coordinator-1) for group consumer_group: [Error 16] NotCoordinatorError.","logger":"kafka.coordinator","filename":"base.py","lineno":810}
{"timestamp":"2025-11-17T01:29:18.107336Z","level":"info","event":"Attempt to join group consumer_group failed due to obsolete coordinator information: NotCoordinatorError","logger":"kafka.coordinator","filename":"base.py","lineno":618}
{"timestamp":"2025-11-17T01:29:18.108408Z","level":"info","event":"Failed to join group consumer_group: [Error 16] NotCoordinatorError","logger":"kafka.coordinator","filename":"base.py","lineno":419}
{"timestamp":"2025-11-17T01:29:18.214153Z","level":"info","event":"Coordinator for group/consumer_group is BrokerMetadata(nodeId='coordinator-1', host='kafka', port=9092, rack=None)","logger":"kafka.cluster","filename":"cluster.py","lineno":401}
{"timestamp":"2025-11-17T01:29:18.214446Z","level":"info","event":"Discovered coordinator coordinator-1 for group consumer_group","logger":"kafka.coordinator","filename":"base.py","lineno":788}
{"timestamp":"2025-11-17T01:29:18.214661Z","level":"info","event":"(Re-)joining group consumer_group","logger":"kafka.coordinator","filename":"base.py","lineno":532}
{"timestamp":"2025-11-17T01:29:18.216926Z","level":"warning","event":"Marking the coordinator dead (node coordinator-1) for group consumer_group: [Error 16] NotCoordinatorError.","logger":"kafka.coordinator","filename":"base.py","lineno":810}
{"timestamp":"2025-11-17T01:29:18.217218Z","level":"info","event":"Attempt to join group consumer_group failed due to obsolete coordinator information: NotCoordinatorError","logger":"kafka.coordinator","filename":"base.py","lineno":618}
{"timestamp":"2025-11-17T01:29:18.217398Z","level":"info","event":"Failed to join group consumer_group: [Error 16] NotCoordinatorError","logger":"kafka.coordinator","filename":"base.py","lineno":419}
{"timestamp":"2025-11-17T01:29:18.320805Z","level":"info","event":"Coordinator for group/consumer_group is BrokerMetadata(nodeId='coordinator-1', host='kafka', port=9092, rack=None)","logger":"kafka.cluster","filename":"cluster.py","lineno":401}
{"timestamp":"2025-11-17T01:29:18.321151Z","level":"info","event":"Discovered coordinator coordinator-1 for group consumer_group","logger":"kafka.coordinator","filename":"base.py","lineno":788}
{"timestamp":"2025-11-17T01:29:18.321445Z","level":"info","event":"(Re-)joining group consumer_group","logger":"kafka.coordinator","filename":"base.py","lineno":532}
{"timestamp":"2025-11-17T01:29:18.324760Z","level":"warning","event":"Marking the coordinator dead (node coordinator-1) for group consumer_group: [Error 16] NotCoordinatorError.","logger":"kafka.coordinator","filename":"base.py","lineno":810}
{"timestamp":"2025-11-17T01:29:18.325254Z","level":"info","event":"Attempt to join group consumer_group failed due to obsolete coordinator information: NotCoordinatorError","logger":"kafka.coordinator","filename":"base.py","lineno":618}
{"timestamp":"2025-11-17T01:29:18.325521Z","level":"info","event":"Failed to join group consumer_group: [Error 16] NotCoordinatorError","logger":"kafka.coordinator","filename":"base.py","lineno":419}
{"timestamp":"2025-11-17T01:29:18.429275Z","level":"info","event":"Coordinator for group/consumer_group is BrokerMetadata(nodeId='coordinator-1', host='kafka', port=9092, rack=None)","logger":"kafka.cluster","filename":"cluster.py","lineno":401}
{"timestamp":"2025-11-17T01:29:18.429716Z","level":"info","event":"Discovered coordinator coordinator-1 for group consumer_group","logger":"kafka.coordinator","filename":"base.py","lineno":788}
{"timestamp":"2025-11-17T01:29:18.430196Z","level":"info","event":"(Re-)joining group consumer_group","logger":"kafka.coordinator","filename":"base.py","lineno":532}
{"timestamp":"2025-11-17T01:29:18.432905Z","level":"warning","event":"Marking the coordinator dead (node coordinator-1) for group consumer_group: [Error 16] NotCoordinatorError.","logger":"kafka.coordinator","filename":"base.py","lineno":810}
{"timestamp":"2025-11-17T01:29:18.433283Z","level":"info","event":"Attempt to join group consumer_group failed due to obsolete coordinator information: NotCoordinatorError","logger":"kafka.coordinator","filename":"base.py","lineno":618}
{"timestamp":"2025-11-17T01:29:18.433498Z","level":"info","event":"Failed to join group consumer_group: [Error 16] NotCoordinatorError","logger":"kafka.coordinator","filename":"base.py","lineno":419}
{"timestamp":"2025-11-17T01:29:18.536519Z","level":"info","event":"Coordinator for group/consumer_group is BrokerMetadata(nodeId='coordinator-1', host='kafka', port=9092, rack=None)","logger":"kafka.cluster","filename":"cluster.py","lineno":401}
{"timestamp":"2025-11-17T01:29:18.536852Z","level":"info","event":"Discovered coordinator coordinator-1 for group consumer_group","logger":"kafka.coordinator","filename":"base.py","lineno":788}
{"timestamp":"2025-11-17T01:29:18.537160Z","level":"info","event":"(Re-)joining group consumer_group","logger":"kafka.coordinator","filename":"base.py","lineno":532}
{"timestamp":"2025-11-17T01:29:18.539996Z","level":"warning","event":"Marking the coordinator dead (node coordinator-1) for group consumer_group: [Error 16] NotCoordinatorError.","logger":"kafka.coordinator","filename":"base.py","lineno":810}
{"timestamp":"2025-11-17T01:29:18.540427Z","level":"info","event":"Attempt to join group consumer_group failed due to obsolete coordinator information: NotCoordinatorError","logger":"kafka.coordinator","filename":"base.py","lineno":618}
{"timestamp":"2025-11-17T01:29:18.540741Z","level":"info","event":"Failed to join group consumer_group: [Error 16] NotCoordinatorError","logger":"kafka.coordinator","filename":"base.py","lineno":419}
{"timestamp":"2025-11-17T01:29:18.644165Z","level":"info","event":"Coordinator for group/consumer_group is BrokerMetadata(nodeId='coordinator-1', host='kafka', port=9092, rack=None)","logger":"kafka.cluster","filename":"cluster.py","lineno":401}
{"timestamp":"2025-11-17T01:29:18.644527Z","level":"info","event":"Discovered coordinator coordinator-1 for group consumer_group","logger":"kafka.coordinator","filename":"base.py","lineno":788}
{"timestamp":"2025-11-17T01:29:18.644814Z","level":"info","event":"(Re-)joining group consumer_group","logger":"kafka.coordinator","filename":"base.py","lineno":532}
{"timestamp":"2025-11-17T01:29:18.647416Z","level":"warning","event":"Marking the coordinator dead (node coordinator-1) for group consumer_group: [Error 16] NotCoordinatorError.","logger":"kafka.coordinator","filename":"base.py","lineno":810}
{"timestamp":"2025-11-17T01:29:18.647731Z","level":"info","event":"Attempt to join group consumer_group failed due to obsolete coordinator information: NotCoordinatorError","logger":"kafka.coordinator","filename":"base.py","lineno":618}
{"timestamp":"2025-11-17T01:29:18.647932Z","level":"info","event":"Failed to join group consumer_group: [Error 16] NotCoordinatorError","logger":"kafka.coordinator","filename":"base.py","lineno":419}
{"timestamp":"2025-11-17T01:29:18.750895Z","level":"info","event":"Coordinator for group/consumer_group is BrokerMetadata(nodeId='coordinator-1', host='kafka', port=9092, rack=None)","logger":"kafka.cluster","filename":"cluster.py","lineno":401}
{"timestamp":"2025-11-17T01:29:18.751301Z","level":"info","event":"Discovered coordinator coordinator-1 for group consumer_group","logger":"kafka.coordinator","filename":"base.py","lineno":788}
{"timestamp":"2025-11-17T01:29:18.751575Z","level":"info","event":"(Re-)joining group consumer_group","logger":"kafka.coordinator","filename":"base.py","lineno":532}
{"timestamp":"2025-11-17T01:29:18.754883Z","level":"warning","event":"Marking the coordinator dead (node coordinator-1) for group consumer_group: [Error 16] NotCoordinatorError.","logger":"kafka.coordinator","filename":"base.py","lineno":810}
{"timestamp":"2025-11-17T01:29:18.755226Z","level":"info","event":"Attempt to join group consumer_group failed due to obsolete coordinator information: NotCoordinatorError","logger":"kafka.coordinator","filename":"base.py","lineno":618}
{"timestamp":"2025-11-17T01:29:18.755470Z","level":"info","event":"Failed to join group consumer_group: [Error 16] NotCoordinatorError","logger":"kafka.coordinator","filename":"base.py","lineno":419}
{"timestamp":"2025-11-17T01:29:18.859723Z","level":"info","event":"Coordinator for group/consumer_group is BrokerMetadata(nodeId='coordinator-1', host='kafka', port=9092, rack=None)","logger":"kafka.cluster","filename":"cluster.py","lineno":401}
{"timestamp":"2025-11-17T01:29:18.860069Z","level":"info","event":"Discovered coordinator coordinator-1 for group consumer_group","logger":"kafka.coordinator","filename":"base.py","lineno":788}
{"timestamp":"2025-11-17T01:29:18.860328Z","level":"info","event":"(Re-)joining group consumer_group","logger":"kafka.coordinator","filename":"base.py","lineno":532}
{"timestamp":"2025-11-17T01:29:18.864200Z","level":"warning","event":"Marking the coordinator dead (node coordinator-1) for group consumer_group: [Error 16] NotCoordinatorError.","logger":"kafka.coordinator","filename":"base.py","lineno":810}
{"timestamp":"2025-11-17T01:29:18.864565Z","level":"info","event":"Attempt to join group consumer_group failed due to obsolete coordinator information: NotCoordinatorError","logger":"kafka.coordinator","filename":"base.py","lineno":618}
{"timestamp":"2025-11-17T01:29:18.864760Z","level":"info","event":"Failed to join group consumer_group: [Error 16] NotCoordinatorError","logger":"kafka.coordinator","filename":"base.py","lineno":419}
{"timestamp":"2025-11-17T01:29:18.968005Z","level":"info","event":"Coordinator for group/consumer_group is BrokerMetadata(nodeId='coordinator-1', host='kafka', port=9092, rack=None)","logger":"kafka.cluster","filename":"cluster.py","lineno":401}
{"timestamp":"2025-11-17T01:29:18.968285Z","level":"info","event":"Discovered coordinator coordinator-1 for group consumer_group","logger":"kafka.coordinator","filename":"base.py","lineno":788}
{"timestamp":"2025-11-17T01:29:18.968531Z","level":"info","event":"(Re-)joining group consumer_group","logger":"kafka.coordinator","filename":"base.py","lineno":532}
{"timestamp":"2025-11-17T01:29:18.971572Z","level":"warning","event":"Marking the coordinator dead (node coordinator-1) for group consumer_group: [Error 16] NotCoordinatorError.","logger":"kafka.coordinator","filename":"base.py","lineno":810}
{"timestamp":"2025-11-17T01:29:18.971895Z","level":"info","event":"Attempt to join group consumer_group failed due to obsolete coordinator information: NotCoordinatorError","logger":"kafka.coordinator","filename":"base.py","lineno":618}
{"timestamp":"2025-11-17T01:29:18.972064Z","level":"info","event":"Failed to join group consumer_group: [Error 16] NotCoordinatorError","logger":"kafka.coordinator","filename":"base.py","lineno":419}
{"timestamp":"2025-11-17T01:29:19.075588Z","level":"info","event":"Coordinator for group/consumer_group is BrokerMetadata(nodeId='coordinator-1', host='kafka', port=9092, rack=None)","logger":"kafka.cluster","filename":"cluster.py","lineno":401}
{"timestamp":"2025-11-17T01:29:19.076091Z","level":"info","event":"Discovered coordinator coordinator-1 for group consumer_group","logger":"kafka.coordinator","filename":"base.py","lineno":788}
{"timestamp":"2025-11-17T01:29:19.076396Z","level":"info","event":"(Re-)joining group consumer_group","logger":"kafka.coordinator","filename":"base.py","lineno":532}
{"timestamp":"2025-11-17T01:29:19.081309Z","level":"warning","event":"Marking the coordinator dead (node coordinator-1) for group consumer_group: [Error 16] NotCoordinatorError.","logger":"kafka.coordinator","filename":"base.py","lineno":810}
{"timestamp":"2025-11-17T01:29:19.081642Z","level":"info","event":"Attempt to join group consumer_group failed due to obsolete coordinator information: NotCoordinatorError","logger":"kafka.coordinator","filename":"base.py","lineno":618}
{"timestamp":"2025-11-17T01:29:19.081881Z","level":"info","event":"Failed to join group consumer_group: [Error 16] NotCoordinatorError","logger":"kafka.coordinator","filename":"base.py","lineno":419}
{"timestamp":"2025-11-17T01:29:19.185207Z","level":"info","event":"Coordinator for group/consumer_group is BrokerMetadata(nodeId='coordinator-1', host='kafka', port=9092, rack=None)","logger":"kafka.cluster","filename":"cluster.py","lineno":401}
{"timestamp":"2025-11-17T01:29:19.185511Z","level":"info","event":"Discovered coordinator coordinator-1 for group consumer_group","logger":"kafka.coordinator","filename":"base.py","lineno":788}
{"timestamp":"2025-11-17T01:29:19.185812Z","level":"info","event":"(Re-)joining group consumer_group","logger":"kafka.coordinator","filename":"base.py","lineno":532}
{"timestamp":"2025-11-17T01:29:19.187903Z","level":"warning","event":"Marking the coordinator dead (node coordinator-1) for group consumer_group: [Error 16] NotCoordinatorError.","logger":"kafka.coordinator","filename":"base.py","lineno":810}
{"timestamp":"2025-11-17T01:29:19.188224Z","level":"info","event":"Attempt to join group consumer_group failed due to obsolete coordinator information: NotCoordinatorError","logger":"kafka.coordinator","filename":"base.py","lineno":618}
{"timestamp":"2025-11-17T01:29:19.188434Z","level":"info","event":"Failed to join group consumer_group: [Error 16] NotCoordinatorError","logger":"kafka.coordinator","filename":"base.py","lineno":419}
{"timestamp":"2025-11-17T01:29:19.291843Z","level":"info","event":"Coordinator for group/consumer_group is BrokerMetadata(nodeId='coordinator-1', host='kafka', port=9092, rack=None)","logger":"kafka.cluster","filename":"cluster.py","lineno":401}
{"timestamp":"2025-11-17T01:29:19.292227Z","level":"info","event":"Discovered coordinator coordinator-1 for group consumer_group","logger":"kafka.coordinator","filename":"base.py","lineno":788}
{"timestamp":"2025-11-17T01:29:19.292439Z","level":"info","event":"(Re-)joining group consumer_group","logger":"kafka.coordinator","filename":"base.py","lineno":532}
{"timestamp":"2025-11-17T01:29:19.295074Z","level":"warning","event":"Marking the coordinator dead (node coordinator-1) for group consumer_group: [Error 16] NotCoordinatorError.","logger":"kafka.coordinator","filename":"base.py","lineno":810}
{"timestamp":"2025-11-17T01:29:19.295520Z","level":"info","event":"Attempt to join group consumer_group failed due to obsolete coordinator information: NotCoordinatorError","logger":"kafka.coordinator","filename":"base.py","lineno":618}
{"timestamp":"2025-11-17T01:29:19.295750Z","level":"info","event":"Failed to join group consumer_group: [Error 16] NotCoordinatorError","logger":"kafka.coordinator","filename":"base.py","lineno":419}
{"timestamp":"2025-11-17T01:29:19.398941Z","level":"info","event":"Coordinator for group/consumer_group is BrokerMetadata(nodeId='coordinator-1', host='kafka', port=9092, rack=None)","logger":"kafka.cluster","filename":"cluster.py","lineno":401}
{"timestamp":"2025-11-17T01:29:19.399213Z","level":"info","event":"Discovered coordinator coordinator-1 for group consumer_group","logger":"kafka.coordinator","filename":"base.py","lineno":788}
{"timestamp":"2025-11-17T01:29:19.399402Z","level":"info","event":"(Re-)joining group consumer_group","logger":"kafka.coordinator","filename":"base.py","lineno":532}
{"timestamp":"2025-11-17T01:29:19.401837Z","level":"warning","event":"Marking the coordinator dead (node coordinator-1) for group consumer_group: [Error 16] NotCoordinatorError.","logger":"kafka.coordinator","filename":"base.py","lineno":810}
{"timestamp":"2025-11-17T01:29:19.402223Z","level":"info","event":"Attempt to join group consumer_group failed due to obsolete coordinator information: NotCoordinatorError","logger":"kafka.coordinator","filename":"base.py","lineno":618}
{"timestamp":"2025-11-17T01:29:19.402453Z","level":"info","event":"Failed to join group consumer_group: [Error 16] NotCoordinatorError","logger":"kafka.coordinator","filename":"base.py","lineno":419}
{"timestamp":"2025-11-17T01:29:19.506306Z","level":"info","event":"Coordinator for group/consumer_group is BrokerMetadata(nodeId='coordinator-1', host='kafka', port=9092, rack=None)","logger":"kafka.cluster","filename":"cluster.py","lineno":401}
{"timestamp":"2025-11-17T01:29:19.506662Z","level":"info","event":"Discovered coordinator coordinator-1 for group consumer_group","logger":"kafka.coordinator","filename":"base.py","lineno":788}
{"timestamp":"2025-11-17T01:29:19.506930Z","level":"info","event":"(Re-)joining group consumer_group","logger":"kafka.coordinator","filename":"base.py","lineno":532}
{"timestamp":"2025-11-17T01:29:19.510522Z","level":"warning","event":"Marking the coordinator dead (node coordinator-1) for group consumer_group: [Error 16] NotCoordinatorError.","logger":"kafka.coordinator","filename":"base.py","lineno":810}
{"timestamp":"2025-11-17T01:29:19.510954Z","level":"info","event":"Attempt to join group consumer_group failed due to obsolete coordinator information: NotCoordinatorError","logger":"kafka.coordinator","filename":"base.py","lineno":618}
{"timestamp":"2025-11-17T01:29:19.511195Z","level":"info","event":"Failed to join group consumer_group: [Error 16] NotCoordinatorError","logger":"kafka.coordinator","filename":"base.py","lineno":419}
{"timestamp":"2025-11-17T01:29:19.614220Z","level":"info","event":"Coordinator for group/consumer_group is BrokerMetadata(nodeId='coordinator-1', host='kafka', port=9092, rack=None)","logger":"kafka.cluster","filename":"cluster.py","lineno":401}
{"timestamp":"2025-11-17T01:29:19.614567Z","level":"info","event":"Discovered coordinator coordinator-1 for group consumer_group","logger":"kafka.coordinator","filename":"base.py","lineno":788}
{"timestamp":"2025-11-17T01:29:19.614839Z","level":"info","event":"(Re-)joining group consumer_group","logger":"kafka.coordinator","filename":"base.py","lineno":532}
{"timestamp":"2025-11-17T01:29:19.617522Z","level":"warning","event":"Marking the coordinator dead (node coordinator-1) for group consumer_group: [Error 16] NotCoordinatorError.","logger":"kafka.coordinator","filename":"base.py","lineno":810}
{"timestamp":"2025-11-17T01:29:19.618046Z","level":"info","event":"Attempt to join group consumer_group failed due to obsolete coordinator information: NotCoordinatorError","logger":"kafka.coordinator","filename":"base.py","lineno":618}
{"timestamp":"2025-11-17T01:29:19.618255Z","level":"info","event":"Failed to join group consumer_group: [Error 16] NotCoordinatorError","logger":"kafka.coordinator","filename":"base.py","lineno":419}
{"timestamp":"2025-11-17T01:29:19.722218Z","level":"info","event":"Coordinator for group/consumer_group is BrokerMetadata(nodeId='coordinator-1', host='kafka', port=9092, rack=None)","logger":"kafka.cluster","filename":"cluster.py","lineno":401}
{"timestamp":"2025-11-17T01:29:19.722494Z","level":"info","event":"Discovered coordinator coordinator-1 for group consumer_group","logger":"kafka.coordinator","filename":"base.py","lineno":788}
{"timestamp":"2025-11-17T01:29:19.722732Z","level":"info","event":"(Re-)joining group consumer_group","logger":"kafka.coordinator","filename":"base.py","lineno":532}
{"timestamp":"2025-11-17T01:29:19.724964Z","level":"warning","event":"Marking the coordinator dead (node coordinator-1) for group consumer_group: [Error 16] NotCoordinatorError.","logger":"kafka.coordinator","filename":"base.py","lineno":810}
{"timestamp":"2025-11-17T01:29:19.725309Z","level":"info","event":"Attempt to join group consumer_group failed due to obsolete coordinator information: NotCoordinatorError","logger":"kafka.coordinator","filename":"base.py","lineno":618}
{"timestamp":"2025-11-17T01:29:19.725527Z","level":"info","event":"Failed to join group consumer_group: [Error 16] NotCoordinatorError","logger":"kafka.coordinator","filename":"base.py","lineno":419}
{"timestamp":"2025-11-17T01:29:19.828630Z","level":"info","event":"Coordinator for group/consumer_group is BrokerMetadata(nodeId='coordinator-1', host='kafka', port=9092, rack=None)","logger":"kafka.cluster","filename":"cluster.py","lineno":401}
{"timestamp":"2025-11-17T01:29:19.828920Z","level":"info","event":"Discovered coordinator coordinator-1 for group consumer_group","logger":"kafka.coordinator","filename":"base.py","lineno":788}
{"timestamp":"2025-11-17T01:29:19.829197Z","level":"info","event":"(Re-)joining group consumer_group","logger":"kafka.coordinator","filename":"base.py","lineno":532}
{"timestamp":"2025-11-17T01:29:19.831593Z","level":"warning","event":"Marking the coordinator dead (node coordinator-1) for group consumer_group: [Error 16] NotCoordinatorError.","logger":"kafka.coordinator","filename":"base.py","lineno":810}
{"timestamp":"2025-11-17T01:29:19.831969Z","level":"info","event":"Attempt to join group consumer_group failed due to obsolete coordinator information: NotCoordinatorError","logger":"kafka.coordinator","filename":"base.py","lineno":618}
{"timestamp":"2025-11-17T01:29:19.832198Z","level":"info","event":"Failed to join group consumer_group: [Error 16] NotCoordinatorError","logger":"kafka.coordinator","filename":"base.py","lineno":419}
{"timestamp":"2025-11-17T01:29:19.935962Z","level":"info","event":"Coordinator for group/consumer_group is BrokerMetadata(nodeId='coordinator-1', host='kafka', port=9092, rack=None)","logger":"kafka.cluster","filename":"cluster.py","lineno":401}
{"timestamp":"2025-11-17T01:29:19.936391Z","level":"info","event":"Discovered coordinator coordinator-1 for group consumer_group","logger":"kafka.coordinator","filename":"base.py","lineno":788}
{"timestamp":"2025-11-17T01:29:19.936659Z","level":"info","event":"(Re-)joining group consumer_group","logger":"kafka.coordinator","filename":"base.py","lineno":532}
{"timestamp":"2025-11-17T01:29:19.939609Z","level":"warning","event":"Marking the coordinator dead (node coordinator-1) for group consumer_group: [Error 16] NotCoordinatorError.","logger":"kafka.coordinator","filename":"base.py","lineno":810}
{"timestamp":"2025-11-17T01:29:19.940064Z","level":"info","event":"Attempt to join group consumer_group failed due to obsolete coordinator information: NotCoordinatorError","logger":"kafka.coordinator","filename":"base.py","lineno":618}
{"timestamp":"2025-11-17T01:29:19.940348Z","level":"info","event":"Failed to join group consumer_group: [Error 16] NotCoordinatorError","logger":"kafka.coordinator","filename":"base.py","lineno":419}
{"timestamp":"2025-11-17T01:29:20.043792Z","level":"info","event":"Coordinator for group/consumer_group is BrokerMetadata(nodeId='coordinator-1', host='kafka', port=9092, rack=None)","logger":"kafka.cluster","filename":"cluster.py","lineno":401}
{"timestamp":"2025-11-17T01:29:20.044060Z","level":"info","event":"Discovered coordinator coordinator-1 for group consumer_group","logger":"kafka.coordinator","filename":"base.py","lineno":788}
{"timestamp":"2025-11-17T01:29:20.044307Z","level":"info","event":"(Re-)joining group consumer_group","logger":"kafka.coordinator","filename":"base.py","lineno":532}
{"timestamp":"2025-11-17T01:29:20.046807Z","level":"warning","event":"Marking the coordinator dead (node coordinator-1) for group consumer_group: [Error 16] NotCoordinatorError.","logger":"kafka.coordinator","filename":"base.py","lineno":810}
{"timestamp":"2025-11-17T01:29:20.047071Z","level":"info","event":"Attempt to join group consumer_group failed due to obsolete coordinator information: NotCoordinatorError","logger":"kafka.coordinator","filename":"base.py","lineno":618}
{"timestamp":"2025-11-17T01:29:20.047217Z","level":"info","event":"Failed to join group consumer_group: [Error 16] NotCoordinatorError","logger":"kafka.coordinator","filename":"base.py","lineno":419}
{"timestamp":"2025-11-17T01:29:20.150644Z","level":"info","event":"Coordinator for group/consumer_group is BrokerMetadata(nodeId='coordinator-1', host='kafka', port=9092, rack=None)","logger":"kafka.cluster","filename":"cluster.py","lineno":401}
{"timestamp":"2025-11-17T01:29:20.150922Z","level":"info","event":"Discovered coordinator coordinator-1 for group consumer_group","logger":"kafka.coordinator","filename":"base.py","lineno":788}
{"timestamp":"2025-11-17T01:29:20.151114Z","level":"info","event":"(Re-)joining group consumer_group","logger":"kafka.coordinator","filename":"base.py","lineno":532}
{"timestamp":"2025-11-17T01:29:20.154058Z","level":"warning","event":"Marking the coordinator dead (node coordinator-1) for group consumer_group: [Error 16] NotCoordinatorError.","logger":"kafka.coordinator","filename":"base.py","lineno":810}
{"timestamp":"2025-11-17T01:29:20.154316Z","level":"info","event":"Attempt to join group consumer_group failed due to obsolete coordinator information: NotCoordinatorError","logger":"kafka.coordinator","filename":"base.py","lineno":618}
{"timestamp":"2025-11-17T01:29:20.154520Z","level":"info","event":"Failed to join group consumer_group: [Error 16] NotCoordinatorError","logger":"kafka.coordinator","filename":"base.py","lineno":419}
{"timestamp":"2025-11-17T01:29:20.258099Z","level":"info","event":"Coordinator for group/consumer_group is BrokerMetadata(nodeId='coordinator-1', host='kafka', port=9092, rack=None)","logger":"kafka.cluster","filename":"cluster.py","lineno":401}
{"timestamp":"2025-11-17T01:29:20.258466Z","level":"info","event":"Discovered coordinator coordinator-1 for group consumer_group","logger":"kafka.coordinator","filename":"base.py","lineno":788}
{"timestamp":"2025-11-17T01:29:20.258721Z","level":"info","event":"(Re-)joining group consumer_group","logger":"kafka.coordinator","filename":"base.py","lineno":532}
{"timestamp":"2025-11-17T01:29:20.263402Z","level":"warning","event":"Marking the coordinator dead (node coordinator-1) for group consumer_group: [Error 16] NotCoordinatorError.","logger":"kafka.coordinator","filename":"base.py","lineno":810}
{"timestamp":"2025-11-17T01:29:20.263817Z","level":"info","event":"Attempt to join group consumer_group failed due to obsolete coordinator information: NotCoordinatorError","logger":"kafka.coordinator","filename":"base.py","lineno":618}
{"timestamp":"2025-11-17T01:29:20.264052Z","level":"info","event":"Failed to join group consumer_group: [Error 16] NotCoordinatorError","logger":"kafka.coordinator","filename":"base.py","lineno":419}
{"timestamp":"2025-11-17T01:29:20.367524Z","level":"info","event":"Coordinator for group/consumer_group is BrokerMetadata(nodeId='coordinator-1', host='kafka', port=9092, rack=None)","logger":"kafka.cluster","filename":"cluster.py","lineno":401}
{"timestamp":"2025-11-17T01:29:20.367917Z","level":"info","event":"Discovered coordinator coordinator-1 for group consumer_group","logger":"kafka.coordinator","filename":"base.py","lineno":788}
{"timestamp":"2025-11-17T01:29:20.368172Z","level":"info","event":"(Re-)joining group consumer_group","logger":"kafka.coordinator","filename":"base.py","lineno":532}
{"timestamp":"2025-11-17T01:29:20.371580Z","level":"warning","event":"Marking the coordinator dead (node coordinator-1) for group consumer_group: [Error 16] NotCoordinatorError.","logger":"kafka.coordinator","filename":"base.py","lineno":810}
{"timestamp":"2025-11-17T01:29:20.371902Z","level":"info","event":"Attempt to join group consumer_group failed due to obsolete coordinator information: NotCoordinatorError","logger":"kafka.coordinator","filename":"base.py","lineno":618}
{"timestamp":"2025-11-17T01:29:20.372067Z","level":"info","event":"Failed to join group consumer_group: [Error 16] NotCoordinatorError","logger":"kafka.coordinator","filename":"base.py","lineno":419}
{"timestamp":"2025-11-17T01:29:20.475483Z","level":"info","event":"Coordinator for group/consumer_group is BrokerMetadata(nodeId='coordinator-1', host='kafka', port=9092, rack=None)","logger":"kafka.cluster","filename":"cluster.py","lineno":401}
{"timestamp":"2025-11-17T01:29:20.475807Z","level":"info","event":"Discovered coordinator coordinator-1 for group consumer_group","logger":"kafka.coordinator","filename":"base.py","lineno":788}
{"timestamp":"2025-11-17T01:29:20.476002Z","level":"info","event":"(Re-)joining group consumer_group","logger":"kafka.coordinator","filename":"base.py","lineno":532}
{"timestamp":"2025-11-17T01:29:20.478241Z","level":"warning","event":"Marking the coordinator dead (node coordinator-1) for group consumer_group: [Error 16] NotCoordinatorError.","logger":"kafka.coordinator","filename":"base.py","lineno":810}
{"timestamp":"2025-11-17T01:29:20.478534Z","level":"info","event":"Attempt to join group consumer_group failed due to obsolete coordinator information: NotCoordinatorError","logger":"kafka.coordinator","filename":"base.py","lineno":618}
{"timestamp":"2025-11-17T01:29:20.478686Z","level":"info","event":"Failed to join group consumer_group: [Error 16] NotCoordinatorError","logger":"kafka.coordinator","filename":"base.py","lineno":419}
{"timestamp":"2025-11-17T01:29:20.582176Z","level":"info","event":"Coordinator for group/consumer_group is BrokerMetadata(nodeId='coordinator-1', host='kafka', port=9092, rack=None)","logger":"kafka.cluster","filename":"cluster.py","lineno":401}
{"timestamp":"2025-11-17T01:29:20.582484Z","level":"info","event":"Discovered coordinator coordinator-1 for group consumer_group","logger":"kafka.coordinator","filename":"base.py","lineno":788}
{"timestamp":"2025-11-17T01:29:20.582697Z","level":"info","event":"(Re-)joining group consumer_group","logger":"kafka.coordinator","filename":"base.py","lineno":532}
{"timestamp":"2025-11-17T01:29:20.584891Z","level":"warning","event":"Marking the coordinator dead (node coordinator-1) for group consumer_group: [Error 16] NotCoordinatorError.","logger":"kafka.coordinator","filename":"base.py","lineno":810}
{"timestamp":"2025-11-17T01:29:20.585204Z","level":"info","event":"Attempt to join group consumer_group failed due to obsolete coordinator information: NotCoordinatorError","logger":"kafka.coordinator","filename":"base.py","lineno":618}
{"timestamp":"2025-11-17T01:29:20.585496Z","level":"info","event":"Failed to join group consumer_group: [Error 16] NotCoordinatorError","logger":"kafka.coordinator","filename":"base.py","lineno":419}
{"timestamp":"2025-11-17T01:29:20.689359Z","level":"info","event":"Coordinator for group/consumer_group is BrokerMetadata(nodeId='coordinator-1', host='kafka', port=9092, rack=None)","logger":"kafka.cluster","filename":"cluster.py","lineno":401}
{"timestamp":"2025-11-17T01:29:20.689696Z","level":"info","event":"Discovered coordinator coordinator-1 for group consumer_group","logger":"kafka.coordinator","filename":"base.py","lineno":788}
{"timestamp":"2025-11-17T01:29:20.690081Z","level":"info","event":"(Re-)joining group consumer_group","logger":"kafka.coordinator","filename":"base.py","lineno":532}
{"timestamp":"2025-11-17T01:29:20.692895Z","level":"warning","event":"Marking the coordinator dead (node coordinator-1) for group consumer_group: [Error 16] NotCoordinatorError.","logger":"kafka.coordinator","filename":"base.py","lineno":810}
{"timestamp":"2025-11-17T01:29:20.693175Z","level":"info","event":"Attempt to join group consumer_group failed due to obsolete coordinator information: NotCoordinatorError","logger":"kafka.coordinator","filename":"base.py","lineno":618}
{"timestamp":"2025-11-17T01:29:20.693504Z","level":"info","event":"Failed to join group consumer_group: [Error 16] NotCoordinatorError","logger":"kafka.coordinator","filename":"base.py","lineno":419}
{"timestamp":"2025-11-17T01:29:20.796571Z","level":"info","event":"Coordinator for group/consumer_group is BrokerMetadata(nodeId='coordinator-1', host='kafka', port=9092, rack=None)","logger":"kafka.cluster","filename":"cluster.py","lineno":401}
{"timestamp":"2025-11-17T01:29:20.796922Z","level":"info","event":"Discovered coordinator coordinator-1 for group consumer_group","logger":"kafka.coordinator","filename":"base.py","lineno":788}
{"timestamp":"2025-11-17T01:29:20.797236Z","level":"info","event":"(Re-)joining group consumer_group","logger":"kafka.coordinator","filename":"base.py","lineno":532}
{"timestamp":"2025-11-17T01:29:20.801392Z","level":"warning","event":"Marking the coordinator dead (node coordinator-1) for group consumer_group: [Error 16] NotCoordinatorError.","logger":"kafka.coordinator","filename":"base.py","lineno":810}
{"timestamp":"2025-11-17T01:29:20.801695Z","level":"info","event":"Attempt to join group consumer_group failed due to obsolete coordinator information: NotCoordinatorError","logger":"kafka.coordinator","filename":"base.py","lineno":618}
{"timestamp":"2025-11-17T01:29:20.801939Z","level":"info","event":"Failed to join group consumer_group: [Error 16] NotCoordinatorError","logger":"kafka.coordinator","filename":"base.py","lineno":419}
{"timestamp":"2025-11-17T01:29:20.905688Z","level":"info","event":"Coordinator for group/consumer_group is BrokerMetadata(nodeId='coordinator-1', host='kafka', port=9092, rack=None)","logger":"kafka.cluster","filename":"cluster.py","lineno":401}
{"timestamp":"2025-11-17T01:29:20.906097Z","level":"info","event":"Discovered coordinator coordinator-1 for group consumer_group","logger":"kafka.coordinator","filename":"base.py","lineno":788}
{"timestamp":"2025-11-17T01:29:20.906424Z","level":"info","event":"(Re-)joining group consumer_group","logger":"kafka.coordinator","filename":"base.py","lineno":532}
{"timestamp":"2025-11-17T01:29:20.909282Z","level":"warning","event":"Marking the coordinator dead (node coordinator-1) for group consumer_group: [Error 16] NotCoordinatorError.","logger":"kafka.coordinator","filename":"base.py","lineno":810}
{"timestamp":"2025-11-17T01:29:20.909616Z","level":"info","event":"Attempt to join group consumer_group failed due to obsolete coordinator information: NotCoordinatorError","logger":"kafka.coordinator","filename":"base.py","lineno":618}
{"timestamp":"2025-11-17T01:29:20.909858Z","level":"info","event":"Failed to join group consumer_group: [Error 16] NotCoordinatorError","logger":"kafka.coordinator","filename":"base.py","lineno":419}
{"timestamp":"2025-11-17T01:29:21.013100Z","level":"info","event":"Coordinator for group/consumer_group is BrokerMetadata(nodeId='coordinator-1', host='kafka', port=9092, rack=None)","logger":"kafka.cluster","filename":"cluster.py","lineno":401}
{"timestamp":"2025-11-17T01:29:21.013537Z","level":"info","event":"Discovered coordinator coordinator-1 for group consumer_group","logger":"kafka.coordinator","filename":"base.py","lineno":788}
{"timestamp":"2025-11-17T01:29:21.013884Z","level":"info","event":"(Re-)joining group consumer_group","logger":"kafka.coordinator","filename":"base.py","lineno":532}
{"timestamp":"2025-11-17T01:29:21.017045Z","level":"warning","event":"Marking the coordinator dead (node coordinator-1) for group consumer_group: [Error 16] NotCoordinatorError.","logger":"kafka.coordinator","filename":"base.py","lineno":810}
{"timestamp":"2025-11-17T01:29:21.017414Z","level":"info","event":"Attempt to join group consumer_group failed due to obsolete coordinator information: NotCoordinatorError","logger":"kafka.coordinator","filename":"base.py","lineno":618}
{"timestamp":"2025-11-17T01:29:21.017712Z","level":"info","event":"Failed to join group consumer_group: [Error 16] NotCoordinatorError","logger":"kafka.coordinator","filename":"base.py","lineno":419}
{"timestamp":"2025-11-17T01:29:21.121734Z","level":"info","event":"Coordinator for group/consumer_group is BrokerMetadata(nodeId='coordinator-1', host='kafka', port=9092, rack=None)","logger":"kafka.cluster","filename":"cluster.py","lineno":401}
{"timestamp":"2025-11-17T01:29:21.122179Z","level":"info","event":"Discovered coordinator coordinator-1 for group consumer_group","logger":"kafka.coordinator","filename":"base.py","lineno":788}
{"timestamp":"2025-11-17T01:29:21.122568Z","level":"info","event":"(Re-)joining group consumer_group","logger":"kafka.coordinator","filename":"base.py","lineno":532}
{"timestamp":"2025-11-17T01:29:21.125678Z","level":"warning","event":"Marking the coordinator dead (node coordinator-1) for group consumer_group: [Error 16] NotCoordinatorError.","logger":"kafka.coordinator","filename":"base.py","lineno":810}
{"timestamp":"2025-11-17T01:29:21.126120Z","level":"info","event":"Attempt to join group consumer_group failed due to obsolete coordinator information: NotCoordinatorError","logger":"kafka.coordinator","filename":"base.py","lineno":618}
{"timestamp":"2025-11-17T01:29:21.126364Z","level":"info","event":"Failed to join group consumer_group: [Error 16] NotCoordinatorError","logger":"kafka.coordinator","filename":"base.py","lineno":419}
{"timestamp":"2025-11-17T01:29:21.230279Z","level":"info","event":"Coordinator for group/consumer_group is BrokerMetadata(nodeId='coordinator-1', host='kafka', port=9092, rack=None)","logger":"kafka.cluster","filename":"cluster.py","lineno":401}
{"timestamp":"2025-11-17T01:29:21.230687Z","level":"info","event":"Discovered coordinator coordinator-1 for group consumer_group","logger":"kafka.coordinator","filename":"base.py","lineno":788}
{"timestamp":"2025-11-17T01:29:21.230963Z","level":"info","event":"(Re-)joining group consumer_group","logger":"kafka.coordinator","filename":"base.py","lineno":532}
{"timestamp":"2025-11-17T01:29:21.234286Z","level":"warning","event":"Marking the coordinator dead (node coordinator-1) for group consumer_group: [Error 16] NotCoordinatorError.","logger":"kafka.coordinator","filename":"base.py","lineno":810}
{"timestamp":"2025-11-17T01:29:21.234589Z","level":"info","event":"Attempt to join group consumer_group failed due to obsolete coordinator information: NotCoordinatorError","logger":"kafka.coordinator","filename":"base.py","lineno":618}
{"timestamp":"2025-11-17T01:29:21.234852Z","level":"info","event":"Failed to join group consumer_group: [Error 16] NotCoordinatorError","logger":"kafka.coordinator","filename":"base.py","lineno":419}
{"timestamp":"2025-11-17T01:29:21.338268Z","level":"info","event":"Coordinator for group/consumer_group is BrokerMetadata(nodeId='coordinator-1', host='kafka', port=9092, rack=None)","logger":"kafka.cluster","filename":"cluster.py","lineno":401}
{"timestamp":"2025-11-17T01:29:21.338756Z","level":"info","event":"Discovered coordinator coordinator-1 for group consumer_group","logger":"kafka.coordinator","filename":"base.py","lineno":788}
{"timestamp":"2025-11-17T01:29:21.339112Z","level":"info","event":"(Re-)joining group consumer_group","logger":"kafka.coordinator","filename":"base.py","lineno":532}
{"timestamp":"2025-11-17T01:29:21.342837Z","level":"warning","event":"Marking the coordinator dead (node coordinator-1) for group consumer_group: [Error 16] NotCoordinatorError.","logger":"kafka.coordinator","filename":"base.py","lineno":810}
{"timestamp":"2025-11-17T01:29:21.343147Z","level":"info","event":"Attempt to join group consumer_group failed due to obsolete coordinator information: NotCoordinatorError","logger":"kafka.coordinator","filename":"base.py","lineno":618}
{"timestamp":"2025-11-17T01:29:21.343377Z","level":"info","event":"Failed to join group consumer_group: [Error 16] NotCoordinatorError","logger":"kafka.coordinator","filename":"base.py","lineno":419}
{"timestamp":"2025-11-17T01:29:21.447168Z","level":"info","event":"Coordinator for group/consumer_group is BrokerMetadata(nodeId='coordinator-1', host='kafka', port=9092, rack=None)","logger":"kafka.cluster","filename":"cluster.py","lineno":401}
{"timestamp":"2025-11-17T01:29:21.447571Z","level":"info","event":"Discovered coordinator coordinator-1 for group consumer_group","logger":"kafka.coordinator","filename":"base.py","lineno":788}
{"timestamp":"2025-11-17T01:29:21.447841Z","level":"info","event":"(Re-)joining group consumer_group","logger":"kafka.coordinator","filename":"base.py","lineno":532}
{"timestamp":"2025-11-17T01:29:21.451087Z","level":"warning","event":"Marking the coordinator dead (node coordinator-1) for group consumer_group: [Error 16] NotCoordinatorError.","logger":"kafka.coordinator","filename":"base.py","lineno":810}
{"timestamp":"2025-11-17T01:29:21.451371Z","level":"info","event":"Attempt to join group consumer_group failed due to obsolete coordinator information: NotCoordinatorError","logger":"kafka.coordinator","filename":"base.py","lineno":618}
{"timestamp":"2025-11-17T01:29:21.451563Z","level":"info","event":"Failed to join group consumer_group: [Error 16] NotCoordinatorError","logger":"kafka.coordinator","filename":"base.py","lineno":419}
{"timestamp":"2025-11-17T01:29:21.555205Z","level":"info","event":"Coordinator for group/consumer_group is BrokerMetadata(nodeId='coordinator-1', host='kafka', port=9092, rack=None)","logger":"kafka.cluster","filename":"cluster.py","lineno":401}
{"timestamp":"2025-11-17T01:29:21.555586Z","level":"info","event":"Discovered coordinator coordinator-1 for group consumer_group","logger":"kafka.coordinator","filename":"base.py","lineno":788}
{"timestamp":"2025-11-17T01:29:21.555844Z","level":"info","event":"(Re-)joining group consumer_group","logger":"kafka.coordinator","filename":"base.py","lineno":532}
{"timestamp":"2025-11-17T01:29:21.558664Z","level":"warning","event":"Marking the coordinator dead (node coordinator-1) for group consumer_group: [Error 16] NotCoordinatorError.","logger":"kafka.coordinator","filename":"base.py","lineno":810}
{"timestamp":"2025-11-17T01:29:21.558987Z","level":"info","event":"Attempt to join group consumer_group failed due to obsolete coordinator information: NotCoordinatorError","logger":"kafka.coordinator","filename":"base.py","lineno":618}
{"timestamp":"2025-11-17T01:29:21.559221Z","level":"info","event":"Failed to join group consumer_group: [Error 16] NotCoordinatorError","logger":"kafka.coordinator","filename":"base.py","lineno":419}
{"timestamp":"2025-11-17T01:29:21.661814Z","level":"info","event":"Coordinator for group/consumer_group is BrokerMetadata(nodeId='coordinator-1', host='kafka', port=9092, rack=None)","logger":"kafka.cluster","filename":"cluster.py","lineno":401}
{"timestamp":"2025-11-17T01:29:21.662233Z","level":"info","event":"Discovered coordinator coordinator-1 for group consumer_group","logger":"kafka.coordinator","filename":"base.py","lineno":788}
{"timestamp":"2025-11-17T01:29:21.662531Z","level":"info","event":"(Re-)joining group consumer_group","logger":"kafka.coordinator","filename":"base.py","lineno":532}
{"timestamp":"2025-11-17T01:29:21.664899Z","level":"warning","event":"Marking the coordinator dead (node coordinator-1) for group consumer_group: [Error 16] NotCoordinatorError.","logger":"kafka.coordinator","filename":"base.py","lineno":810}
{"timestamp":"2025-11-17T01:29:21.665284Z","level":"info","event":"Attempt to join group consumer_group failed due to obsolete coordinator information: NotCoordinatorError","logger":"kafka.coordinator","filename":"base.py","lineno":618}
{"timestamp":"2025-11-17T01:29:21.665517Z","level":"info","event":"Failed to join group consumer_group: [Error 16] NotCoordinatorError","logger":"kafka.coordinator","filename":"base.py","lineno":419}
{"timestamp":"2025-11-17T01:29:21.768970Z","level":"info","event":"Coordinator for group/consumer_group is BrokerMetadata(nodeId='coordinator-1', host='kafka', port=9092, rack=None)","logger":"kafka.cluster","filename":"cluster.py","lineno":401}
{"timestamp":"2025-11-17T01:29:21.769281Z","level":"info","event":"Discovered coordinator coordinator-1 for group consumer_group","logger":"kafka.coordinator","filename":"base.py","lineno":788}
{"timestamp":"2025-11-17T01:29:21.769662Z","level":"info","event":"(Re-)joining group consumer_group","logger":"kafka.coordinator","filename":"base.py","lineno":532}
{"timestamp":"2025-11-17T01:29:21.771953Z","level":"warning","event":"Marking the coordinator dead (node coordinator-1) for group consumer_group: [Error 16] NotCoordinatorError.","logger":"kafka.coordinator","filename":"base.py","lineno":810}
{"timestamp":"2025-11-17T01:29:21.772202Z","level":"info","event":"Attempt to join group consumer_group failed due to obsolete coordinator information: NotCoordinatorError","logger":"kafka.coordinator","filename":"base.py","lineno":618}
{"timestamp":"2025-11-17T01:29:21.772404Z","level":"info","event":"Failed to join group consumer_group: [Error 16] NotCoordinatorError","logger":"kafka.coordinator","filename":"base.py","lineno":419}
{"timestamp":"2025-11-17T01:29:21.875723Z","level":"info","event":"Coordinator for group/consumer_group is BrokerMetadata(nodeId='coordinator-1', host='kafka', port=9092, rack=None)","logger":"kafka.cluster","filename":"cluster.py","lineno":401}
{"timestamp":"2025-11-17T01:29:21.876123Z","level":"info","event":"Discovered coordinator coordinator-1 for group consumer_group","logger":"kafka.coordinator","filename":"base.py","lineno":788}
{"timestamp":"2025-11-17T01:29:21.876399Z","level":"info","event":"(Re-)joining group consumer_group","logger":"kafka.coordinator","filename":"base.py","lineno":532}
{"timestamp":"2025-11-17T01:29:21.879157Z","level":"warning","event":"Marking the coordinator dead (node coordinator-1) for group consumer_group: [Error 16] NotCoordinatorError.","logger":"kafka.coordinator","filename":"base.py","lineno":810}
{"timestamp":"2025-11-17T01:29:21.879572Z","level":"info","event":"Attempt to join group consumer_group failed due to obsolete coordinator information: NotCoordinatorError","logger":"kafka.coordinator","filename":"base.py","lineno":618}
{"timestamp":"2025-11-17T01:29:21.879772Z","level":"info","event":"Failed to join group consumer_group: [Error 16] NotCoordinatorError","logger":"kafka.coordinator","filename":"base.py","lineno":419}
{"timestamp":"2025-11-17T01:29:21.983496Z","level":"info","event":"Coordinator for group/consumer_group is BrokerMetadata(nodeId='coordinator-1', host='kafka', port=9092, rack=None)","logger":"kafka.cluster","filename":"cluster.py","lineno":401}
{"timestamp":"2025-11-17T01:29:21.983844Z","level":"info","event":"Discovered coordinator coordinator-1 for group consumer_group","logger":"kafka.coordinator","filename":"base.py","lineno":788}
{"timestamp":"2025-11-17T01:29:21.984064Z","level":"info","event":"(Re-)joining group consumer_group","logger":"kafka.coordinator","filename":"base.py","lineno":532}
{"timestamp":"2025-11-17T01:29:21.986721Z","level":"warning","event":"Marking the coordinator dead (node coordinator-1) for group consumer_group: [Error 16] NotCoordinatorError.","logger":"kafka.coordinator","filename":"base.py","lineno":810}
{"timestamp":"2025-11-17T01:29:21.987084Z","level":"info","event":"Attempt to join group consumer_group failed due to obsolete coordinator information: NotCoordinatorError","logger":"kafka.coordinator","filename":"base.py","lineno":618}
{"timestamp":"2025-11-17T01:29:21.987297Z","level":"info","event":"Failed to join group consumer_group: [Error 16] NotCoordinatorError","logger":"kafka.coordinator","filename":"base.py","lineno":419}
{"timestamp":"2025-11-17T01:29:22.090820Z","level":"info","event":"Coordinator for group/consumer_group is BrokerMetadata(nodeId='coordinator-1', host='kafka', port=9092, rack=None)","logger":"kafka.cluster","filename":"cluster.py","lineno":401}
{"timestamp":"2025-11-17T01:29:22.091204Z","level":"info","event":"Discovered coordinator coordinator-1 for group consumer_group","logger":"kafka.coordinator","filename":"base.py","lineno":788}
{"timestamp":"2025-11-17T01:29:22.091505Z","level":"info","event":"(Re-)joining group consumer_group","logger":"kafka.coordinator","filename":"base.py","lineno":532}
{"timestamp":"2025-11-17T01:29:22.094873Z","level":"warning","event":"Marking the coordinator dead (node coordinator-1) for group consumer_group: [Error 16] NotCoordinatorError.","logger":"kafka.coordinator","filename":"base.py","lineno":810}
{"timestamp":"2025-11-17T01:29:22.095242Z","level":"info","event":"Attempt to join group consumer_group failed due to obsolete coordinator information: NotCoordinatorError","logger":"kafka.coordinator","filename":"base.py","lineno":618}
{"timestamp":"2025-11-17T01:29:22.095470Z","level":"info","event":"Failed to join group consumer_group: [Error 16] NotCoordinatorError","logger":"kafka.coordinator","filename":"base.py","lineno":419}
{"timestamp":"2025-11-17T01:29:22.198154Z","level":"info","event":"Coordinator for group/consumer_group is BrokerMetadata(nodeId='coordinator-1', host='kafka', port=9092, rack=None)","logger":"kafka.cluster","filename":"cluster.py","lineno":401}
{"timestamp":"2025-11-17T01:29:22.198521Z","level":"info","event":"Discovered coordinator coordinator-1 for group consumer_group","logger":"kafka.coordinator","filename":"base.py","lineno":788}
{"timestamp":"2025-11-17T01:29:22.198757Z","level":"info","event":"(Re-)joining group consumer_group","logger":"kafka.coordinator","filename":"base.py","lineno":532}
{"timestamp":"2025-11-17T01:29:22.201366Z","level":"warning","event":"Marking the coordinator dead (node coordinator-1) for group consumer_group: [Error 16] NotCoordinatorError.","logger":"kafka.coordinator","filename":"base.py","lineno":810}
{"timestamp":"2025-11-17T01:29:22.201632Z","level":"info","event":"Attempt to join group consumer_group failed due to obsolete coordinator information: NotCoordinatorError","logger":"kafka.coordinator","filename":"base.py","lineno":618}
{"timestamp":"2025-11-17T01:29:22.202030Z","level":"info","event":"Failed to join group consumer_group: [Error 16] NotCoordinatorError","logger":"kafka.coordinator","filename":"base.py","lineno":419}
{"timestamp":"2025-11-17T01:29:22.305328Z","level":"info","event":"Coordinator for group/consumer_group is BrokerMetadata(nodeId='coordinator-1', host='kafka', port=9092, rack=None)","logger":"kafka.cluster","filename":"cluster.py","lineno":401}
{"timestamp":"2025-11-17T01:29:22.306263Z","level":"info","event":"Discovered coordinator coordinator-1 for group consumer_group","logger":"kafka.coordinator","filename":"base.py","lineno":788}
{"timestamp":"2025-11-17T01:29:22.306659Z","level":"info","event":"(Re-)joining group consumer_group","logger":"kafka.coordinator","filename":"base.py","lineno":532}
{"timestamp":"2025-11-17T01:29:22.309544Z","level":"warning","event":"Marking the coordinator dead (node coordinator-1) for group consumer_group: [Error 16] NotCoordinatorError.","logger":"kafka.coordinator","filename":"base.py","lineno":810}
{"timestamp":"2025-11-17T01:29:22.309964Z","level":"info","event":"Attempt to join group consumer_group failed due to obsolete coordinator information: NotCoordinatorError","logger":"kafka.coordinator","filename":"base.py","lineno":618}
{"timestamp":"2025-11-17T01:29:22.310213Z","level":"info","event":"Failed to join group consumer_group: [Error 16] NotCoordinatorError","logger":"kafka.coordinator","filename":"base.py","lineno":419}
{"timestamp":"2025-11-17T01:29:22.398313Z","level":"info","event":"Stopping heartbeat thread","logger":"kafka.coordinator.heartbeat","filename":"base.py","lineno":1052}
{"timestamp":"2025-11-17T01:29:22.399477Z","level":"info","event":"<BrokerConnection client_id=kafka-python-2.2.15, node_id=1 host=kafka:9092 <connected> [IPv4 ('172.19.0.2', 9092)]>: Closing connection. ","logger":"kafka.conn","filename":"conn.py","lineno":945}
{"timestamp":"2025-11-17T01:29:22.400306Z","level":"error","event":"Error sending FindCoordinatorRequest_v2 to node 1 [Cancelled: <BrokerConnection client_id=kafka-python-2.2.15, node_id=1 host=kafka:9092 <connected> [IPv4 ('172.19.0.2', 9092)]>]","logger":"kafka.coordinator","filename":"base.py","lineno":569}
{"timestamp":"2025-11-17T01:29:22.400605Z","level":"info","event":"<BrokerConnection client_id=kafka-python-2.2.15, node_id=coordinator-1 host=kafka:9092 <connected> [IPv4 ('172.19.0.2', 9092)]>: Closing connection. ","logger":"kafka.conn","filename":"conn.py","lineno":945}
{"timestamp":"2025-11-17T01:29:22.402435Z","level":"info","event":"Dont have any messages","logger":"task.stdout"}
{"timestamp":"2025-11-17T01:29:22.402223Z","level":"info","event":"Done. Returned value was: None","logger":"airflow.task.operators.airflow.providers.standard.operators.python.PythonOperator","filename":"python.py","lineno":218}
