{"timestamp":"2025-11-17T01:29:16.981472Z","level":"info","event":"DAG bundles loaded: dags-folder","logger":"airflow.dag_processing.bundles.manager.DagBundlesManager","filename":"manager.py","lineno":179}
{"timestamp":"2025-11-17T01:29:16.984494Z","level":"info","event":"Filling up the DagBag from /opt/airflow/dags/kafka_test.py","logger":"airflow.models.dagbag.DagBag","filename":"dagbag.py","lineno":593}
{"timestamp":"2025-11-17T01:29:17.858599Z","level":"warning","event":"The `airflow.operators.python.PythonOperator` attribute is deprecated. Please use `'airflow.providers.standard.operators.python.PythonOperator'`.","category":"DeprecatedImportWarning","filename":"/opt/airflow/dags/kafka_test.py","lineno":2,"logger":"py.warnings"}
{"timestamp":"2025-11-17T01:29:17.932443Z","level":"info","event":"<BrokerConnection client_id=kafka-python-2.2.15, node_id=bootstrap-0 host=kafka:9092 <connecting> [IPv4 ('172.19.0.2', 9092)]>: connecting to kafka:9092 [('172.19.0.2', 9092) IPv4]","logger":"kafka.conn","filename":"conn.py","lineno":396}
{"timestamp":"2025-11-17T01:29:17.937327Z","level":"info","event":"<BrokerConnection client_id=kafka-python-2.2.15, node_id=bootstrap-0 host=kafka:9092 <checking_api_versions_recv> [IPv4 ('172.19.0.2', 9092)]>: Broker version identified as 2.6","logger":"kafka.conn","filename":"conn.py","lineno":618}
{"timestamp":"2025-11-17T01:29:17.938652Z","level":"info","event":"<BrokerConnection client_id=kafka-python-2.2.15, node_id=bootstrap-0 host=kafka:9092 <connected> [IPv4 ('172.19.0.2', 9092)]>: Connection complete.","logger":"kafka.conn","filename":"conn.py","lineno":457}
{"timestamp":"2025-11-17T01:29:17.940464Z","level":"info","event":"Updating subscribed topics to: ('airflow_topic',)","logger":"kafka.consumer.subscription_state","filename":"subscription_state.py","lineno":181}
{"timestamp":"2025-11-17T01:29:17.942171Z","level":"info","event":"Wating message from topic: airflow_topic","logger":"task.stdout"}
{"timestamp":"2025-11-17T01:29:17.947042Z","level":"info","event":"<BrokerConnection client_id=kafka-python-2.2.15, node_id=1 host=kafka:9092 <connecting> [IPv4 ('172.19.0.2', 9092)]>: connecting to kafka:9092 [('172.19.0.2', 9092) IPv4]","logger":"kafka.conn","filename":"conn.py","lineno":396}
{"timestamp":"2025-11-17T01:29:17.948018Z","level":"info","event":"<BrokerConnection client_id=kafka-python-2.2.15, node_id=1 host=kafka:9092 <connected> [IPv4 ('172.19.0.2', 9092)]>: Connection complete.","logger":"kafka.conn","filename":"conn.py","lineno":457}
{"timestamp":"2025-11-17T01:29:17.948339Z","level":"info","event":"<BrokerConnection client_id=kafka-python-2.2.15, node_id=bootstrap-0 host=kafka:9092 <connected> [IPv4 ('172.19.0.2', 9092)]>: Closing connection. ","logger":"kafka.conn","filename":"conn.py","lineno":945}
{"timestamp":"2025-11-17T01:29:18.053289Z","level":"info","event":"Coordinator for group/consumer_group is BrokerMetadata(nodeId='coordinator-1', host='kafka', port=9092, rack=None)","logger":"kafka.cluster","filename":"cluster.py","lineno":401}
{"timestamp":"2025-11-17T01:29:18.053716Z","level":"info","event":"Discovered coordinator coordinator-1 for group consumer_group","logger":"kafka.coordinator","filename":"base.py","lineno":788}
{"timestamp":"2025-11-17T01:29:18.054220Z","level":"info","event":"Starting new heartbeat thread","logger":"kafka.coordinator.heartbeat","filename":"base.py","lineno":848}
{"timestamp":"2025-11-17T01:29:18.055510Z","level":"info","event":"Revoking previously assigned partitions set() for group consumer_group","logger":"kafka.coordinator.consumer","filename":"consumer.py","lineno":365}
{"timestamp":"2025-11-17T01:29:18.055834Z","level":"info","event":"Failed to join group consumer_group: NodeNotReadyError: coordinator-1","logger":"kafka.coordinator","filename":"base.py","lineno":419}
{"timestamp":"2025-11-17T01:29:18.057851Z","level":"info","event":"<BrokerConnection client_id=kafka-python-2.2.15, node_id=coordinator-1 host=kafka:9092 <connecting> [IPv4 ('172.19.0.2', 9092)]>: connecting to kafka:9092 [('172.19.0.2', 9092) IPv4]","logger":"kafka.conn","filename":"conn.py","lineno":396}
{"timestamp":"2025-11-17T01:29:18.058579Z","level":"info","event":"<BrokerConnection client_id=kafka-python-2.2.15, node_id=coordinator-1 host=kafka:9092 <connected> [IPv4 ('172.19.0.2', 9092)]>: Connection complete.","logger":"kafka.conn","filename":"conn.py","lineno":457}
{"timestamp":"2025-11-17T01:29:18.159785Z","level":"info","event":"(Re-)joining group consumer_group","logger":"kafka.coordinator","filename":"base.py","lineno":532}
{"timestamp":"2025-11-17T01:29:18.163052Z","level":"warning","event":"Marking the coordinator dead (node coordinator-1) for group consumer_group: [Error 16] NotCoordinatorError.","logger":"kafka.coordinator","filename":"base.py","lineno":810}
{"timestamp":"2025-11-17T01:29:18.163349Z","level":"info","event":"Attempt to join group consumer_group failed due to obsolete coordinator information: NotCoordinatorError","logger":"kafka.coordinator","filename":"base.py","lineno":618}
{"timestamp":"2025-11-17T01:29:18.163607Z","level":"info","event":"Failed to join group consumer_group: [Error 16] NotCoordinatorError","logger":"kafka.coordinator","filename":"base.py","lineno":419}
{"timestamp":"2025-11-17T01:29:18.267672Z","level":"info","event":"Coordinator for group/consumer_group is BrokerMetadata(nodeId='coordinator-1', host='kafka', port=9092, rack=None)","logger":"kafka.cluster","filename":"cluster.py","lineno":401}
{"timestamp":"2025-11-17T01:29:18.267954Z","level":"info","event":"Discovered coordinator coordinator-1 for group consumer_group","logger":"kafka.coordinator","filename":"base.py","lineno":788}
{"timestamp":"2025-11-17T01:29:18.268149Z","level":"info","event":"(Re-)joining group consumer_group","logger":"kafka.coordinator","filename":"base.py","lineno":532}
{"timestamp":"2025-11-17T01:29:18.270422Z","level":"warning","event":"Marking the coordinator dead (node coordinator-1) for group consumer_group: [Error 16] NotCoordinatorError.","logger":"kafka.coordinator","filename":"base.py","lineno":810}
{"timestamp":"2025-11-17T01:29:18.270710Z","level":"info","event":"Attempt to join group consumer_group failed due to obsolete coordinator information: NotCoordinatorError","logger":"kafka.coordinator","filename":"base.py","lineno":618}
{"timestamp":"2025-11-17T01:29:18.270975Z","level":"info","event":"Failed to join group consumer_group: [Error 16] NotCoordinatorError","logger":"kafka.coordinator","filename":"base.py","lineno":419}
{"timestamp":"2025-11-17T01:29:18.374803Z","level":"info","event":"Coordinator for group/consumer_group is BrokerMetadata(nodeId='coordinator-1', host='kafka', port=9092, rack=None)","logger":"kafka.cluster","filename":"cluster.py","lineno":401}
{"timestamp":"2025-11-17T01:29:18.375307Z","level":"info","event":"Discovered coordinator coordinator-1 for group consumer_group","logger":"kafka.coordinator","filename":"base.py","lineno":788}
{"timestamp":"2025-11-17T01:29:18.375618Z","level":"info","event":"(Re-)joining group consumer_group","logger":"kafka.coordinator","filename":"base.py","lineno":532}
{"timestamp":"2025-11-17T01:29:18.378697Z","level":"warning","event":"Marking the coordinator dead (node coordinator-1) for group consumer_group: [Error 16] NotCoordinatorError.","logger":"kafka.coordinator","filename":"base.py","lineno":810}
{"timestamp":"2025-11-17T01:29:18.378967Z","level":"info","event":"Attempt to join group consumer_group failed due to obsolete coordinator information: NotCoordinatorError","logger":"kafka.coordinator","filename":"base.py","lineno":618}
{"timestamp":"2025-11-17T01:29:18.379168Z","level":"info","event":"Failed to join group consumer_group: [Error 16] NotCoordinatorError","logger":"kafka.coordinator","filename":"base.py","lineno":419}
{"timestamp":"2025-11-17T01:29:18.482336Z","level":"info","event":"Coordinator for group/consumer_group is BrokerMetadata(nodeId='coordinator-1', host='kafka', port=9092, rack=None)","logger":"kafka.cluster","filename":"cluster.py","lineno":401}
{"timestamp":"2025-11-17T01:29:18.482652Z","level":"info","event":"Discovered coordinator coordinator-1 for group consumer_group","logger":"kafka.coordinator","filename":"base.py","lineno":788}
{"timestamp":"2025-11-17T01:29:18.482842Z","level":"info","event":"(Re-)joining group consumer_group","logger":"kafka.coordinator","filename":"base.py","lineno":532}
{"timestamp":"2025-11-17T01:29:18.485262Z","level":"warning","event":"Marking the coordinator dead (node coordinator-1) for group consumer_group: [Error 16] NotCoordinatorError.","logger":"kafka.coordinator","filename":"base.py","lineno":810}
{"timestamp":"2025-11-17T01:29:18.485503Z","level":"info","event":"Attempt to join group consumer_group failed due to obsolete coordinator information: NotCoordinatorError","logger":"kafka.coordinator","filename":"base.py","lineno":618}
{"timestamp":"2025-11-17T01:29:18.485707Z","level":"info","event":"Failed to join group consumer_group: [Error 16] NotCoordinatorError","logger":"kafka.coordinator","filename":"base.py","lineno":419}
{"timestamp":"2025-11-17T01:29:18.589306Z","level":"info","event":"Coordinator for group/consumer_group is BrokerMetadata(nodeId='coordinator-1', host='kafka', port=9092, rack=None)","logger":"kafka.cluster","filename":"cluster.py","lineno":401}
{"timestamp":"2025-11-17T01:29:18.589658Z","level":"info","event":"Discovered coordinator coordinator-1 for group consumer_group","logger":"kafka.coordinator","filename":"base.py","lineno":788}
{"timestamp":"2025-11-17T01:29:18.589893Z","level":"info","event":"(Re-)joining group consumer_group","logger":"kafka.coordinator","filename":"base.py","lineno":532}
{"timestamp":"2025-11-17T01:29:18.592691Z","level":"warning","event":"Marking the coordinator dead (node coordinator-1) for group consumer_group: [Error 16] NotCoordinatorError.","logger":"kafka.coordinator","filename":"base.py","lineno":810}
{"timestamp":"2025-11-17T01:29:18.592971Z","level":"info","event":"Attempt to join group consumer_group failed due to obsolete coordinator information: NotCoordinatorError","logger":"kafka.coordinator","filename":"base.py","lineno":618}
{"timestamp":"2025-11-17T01:29:18.593122Z","level":"info","event":"Failed to join group consumer_group: [Error 16] NotCoordinatorError","logger":"kafka.coordinator","filename":"base.py","lineno":419}
{"timestamp":"2025-11-17T01:29:18.696833Z","level":"info","event":"Coordinator for group/consumer_group is BrokerMetadata(nodeId='coordinator-1', host='kafka', port=9092, rack=None)","logger":"kafka.cluster","filename":"cluster.py","lineno":401}
{"timestamp":"2025-11-17T01:29:18.697164Z","level":"info","event":"Discovered coordinator coordinator-1 for group consumer_group","logger":"kafka.coordinator","filename":"base.py","lineno":788}
{"timestamp":"2025-11-17T01:29:18.697435Z","level":"info","event":"(Re-)joining group consumer_group","logger":"kafka.coordinator","filename":"base.py","lineno":532}
{"timestamp":"2025-11-17T01:29:18.699749Z","level":"warning","event":"Marking the coordinator dead (node coordinator-1) for group consumer_group: [Error 16] NotCoordinatorError.","logger":"kafka.coordinator","filename":"base.py","lineno":810}
{"timestamp":"2025-11-17T01:29:18.700128Z","level":"info","event":"Attempt to join group consumer_group failed due to obsolete coordinator information: NotCoordinatorError","logger":"kafka.coordinator","filename":"base.py","lineno":618}
{"timestamp":"2025-11-17T01:29:18.700408Z","level":"info","event":"Failed to join group consumer_group: [Error 16] NotCoordinatorError","logger":"kafka.coordinator","filename":"base.py","lineno":419}
{"timestamp":"2025-11-17T01:29:18.804033Z","level":"info","event":"Coordinator for group/consumer_group is BrokerMetadata(nodeId='coordinator-1', host='kafka', port=9092, rack=None)","logger":"kafka.cluster","filename":"cluster.py","lineno":401}
{"timestamp":"2025-11-17T01:29:18.804375Z","level":"info","event":"Discovered coordinator coordinator-1 for group consumer_group","logger":"kafka.coordinator","filename":"base.py","lineno":788}
{"timestamp":"2025-11-17T01:29:18.804641Z","level":"info","event":"(Re-)joining group consumer_group","logger":"kafka.coordinator","filename":"base.py","lineno":532}
{"timestamp":"2025-11-17T01:29:18.807607Z","level":"warning","event":"Marking the coordinator dead (node coordinator-1) for group consumer_group: [Error 16] NotCoordinatorError.","logger":"kafka.coordinator","filename":"base.py","lineno":810}
{"timestamp":"2025-11-17T01:29:18.807939Z","level":"info","event":"Attempt to join group consumer_group failed due to obsolete coordinator information: NotCoordinatorError","logger":"kafka.coordinator","filename":"base.py","lineno":618}
{"timestamp":"2025-11-17T01:29:18.808167Z","level":"info","event":"Failed to join group consumer_group: [Error 16] NotCoordinatorError","logger":"kafka.coordinator","filename":"base.py","lineno":419}
{"timestamp":"2025-11-17T01:29:18.911663Z","level":"info","event":"Coordinator for group/consumer_group is BrokerMetadata(nodeId='coordinator-1', host='kafka', port=9092, rack=None)","logger":"kafka.cluster","filename":"cluster.py","lineno":401}
{"timestamp":"2025-11-17T01:29:18.911954Z","level":"info","event":"Discovered coordinator coordinator-1 for group consumer_group","logger":"kafka.coordinator","filename":"base.py","lineno":788}
{"timestamp":"2025-11-17T01:29:18.912192Z","level":"info","event":"(Re-)joining group consumer_group","logger":"kafka.coordinator","filename":"base.py","lineno":532}
{"timestamp":"2025-11-17T01:29:18.914864Z","level":"warning","event":"Marking the coordinator dead (node coordinator-1) for group consumer_group: [Error 16] NotCoordinatorError.","logger":"kafka.coordinator","filename":"base.py","lineno":810}
{"timestamp":"2025-11-17T01:29:18.915200Z","level":"info","event":"Attempt to join group consumer_group failed due to obsolete coordinator information: NotCoordinatorError","logger":"kafka.coordinator","filename":"base.py","lineno":618}
{"timestamp":"2025-11-17T01:29:18.915553Z","level":"info","event":"Failed to join group consumer_group: [Error 16] NotCoordinatorError","logger":"kafka.coordinator","filename":"base.py","lineno":419}
{"timestamp":"2025-11-17T01:29:19.020307Z","level":"info","event":"Coordinator for group/consumer_group is BrokerMetadata(nodeId='coordinator-1', host='kafka', port=9092, rack=None)","logger":"kafka.cluster","filename":"cluster.py","lineno":401}
{"timestamp":"2025-11-17T01:29:19.020661Z","level":"info","event":"Discovered coordinator coordinator-1 for group consumer_group","logger":"kafka.coordinator","filename":"base.py","lineno":788}
{"timestamp":"2025-11-17T01:29:19.020899Z","level":"info","event":"(Re-)joining group consumer_group","logger":"kafka.coordinator","filename":"base.py","lineno":532}
{"timestamp":"2025-11-17T01:29:19.023582Z","level":"warning","event":"Marking the coordinator dead (node coordinator-1) for group consumer_group: [Error 16] NotCoordinatorError.","logger":"kafka.coordinator","filename":"base.py","lineno":810}
{"timestamp":"2025-11-17T01:29:19.023984Z","level":"info","event":"Attempt to join group consumer_group failed due to obsolete coordinator information: NotCoordinatorError","logger":"kafka.coordinator","filename":"base.py","lineno":618}
{"timestamp":"2025-11-17T01:29:19.024199Z","level":"info","event":"Failed to join group consumer_group: [Error 16] NotCoordinatorError","logger":"kafka.coordinator","filename":"base.py","lineno":419}
{"timestamp":"2025-11-17T01:29:19.127881Z","level":"info","event":"Coordinator for group/consumer_group is BrokerMetadata(nodeId='coordinator-1', host='kafka', port=9092, rack=None)","logger":"kafka.cluster","filename":"cluster.py","lineno":401}
{"timestamp":"2025-11-17T01:29:19.128267Z","level":"info","event":"Discovered coordinator coordinator-1 for group consumer_group","logger":"kafka.coordinator","filename":"base.py","lineno":788}
{"timestamp":"2025-11-17T01:29:19.128503Z","level":"info","event":"(Re-)joining group consumer_group","logger":"kafka.coordinator","filename":"base.py","lineno":532}
{"timestamp":"2025-11-17T01:29:19.131088Z","level":"warning","event":"Marking the coordinator dead (node coordinator-1) for group consumer_group: [Error 16] NotCoordinatorError.","logger":"kafka.coordinator","filename":"base.py","lineno":810}
{"timestamp":"2025-11-17T01:29:19.131276Z","level":"info","event":"Attempt to join group consumer_group failed due to obsolete coordinator information: NotCoordinatorError","logger":"kafka.coordinator","filename":"base.py","lineno":618}
{"timestamp":"2025-11-17T01:29:19.131393Z","level":"info","event":"Failed to join group consumer_group: [Error 16] NotCoordinatorError","logger":"kafka.coordinator","filename":"base.py","lineno":419}
{"timestamp":"2025-11-17T01:29:19.234882Z","level":"info","event":"Coordinator for group/consumer_group is BrokerMetadata(nodeId='coordinator-1', host='kafka', port=9092, rack=None)","logger":"kafka.cluster","filename":"cluster.py","lineno":401}
{"timestamp":"2025-11-17T01:29:19.235161Z","level":"info","event":"Discovered coordinator coordinator-1 for group consumer_group","logger":"kafka.coordinator","filename":"base.py","lineno":788}
{"timestamp":"2025-11-17T01:29:19.235347Z","level":"info","event":"(Re-)joining group consumer_group","logger":"kafka.coordinator","filename":"base.py","lineno":532}
{"timestamp":"2025-11-17T01:29:19.237275Z","level":"warning","event":"Marking the coordinator dead (node coordinator-1) for group consumer_group: [Error 16] NotCoordinatorError.","logger":"kafka.coordinator","filename":"base.py","lineno":810}
{"timestamp":"2025-11-17T01:29:19.237558Z","level":"info","event":"Attempt to join group consumer_group failed due to obsolete coordinator information: NotCoordinatorError","logger":"kafka.coordinator","filename":"base.py","lineno":618}
{"timestamp":"2025-11-17T01:29:19.237769Z","level":"info","event":"Failed to join group consumer_group: [Error 16] NotCoordinatorError","logger":"kafka.coordinator","filename":"base.py","lineno":419}
{"timestamp":"2025-11-17T01:29:19.340909Z","level":"info","event":"Coordinator for group/consumer_group is BrokerMetadata(nodeId='coordinator-1', host='kafka', port=9092, rack=None)","logger":"kafka.cluster","filename":"cluster.py","lineno":401}
{"timestamp":"2025-11-17T01:29:19.341284Z","level":"info","event":"Discovered coordinator coordinator-1 for group consumer_group","logger":"kafka.coordinator","filename":"base.py","lineno":788}
{"timestamp":"2025-11-17T01:29:19.341656Z","level":"info","event":"(Re-)joining group consumer_group","logger":"kafka.coordinator","filename":"base.py","lineno":532}
{"timestamp":"2025-11-17T01:29:19.344344Z","level":"warning","event":"Marking the coordinator dead (node coordinator-1) for group consumer_group: [Error 16] NotCoordinatorError.","logger":"kafka.coordinator","filename":"base.py","lineno":810}
{"timestamp":"2025-11-17T01:29:19.344648Z","level":"info","event":"Attempt to join group consumer_group failed due to obsolete coordinator information: NotCoordinatorError","logger":"kafka.coordinator","filename":"base.py","lineno":618}
{"timestamp":"2025-11-17T01:29:19.344812Z","level":"info","event":"Failed to join group consumer_group: [Error 16] NotCoordinatorError","logger":"kafka.coordinator","filename":"base.py","lineno":419}
{"timestamp":"2025-11-17T01:29:19.448304Z","level":"info","event":"Coordinator for group/consumer_group is BrokerMetadata(nodeId='coordinator-1', host='kafka', port=9092, rack=None)","logger":"kafka.cluster","filename":"cluster.py","lineno":401}
{"timestamp":"2025-11-17T01:29:19.448675Z","level":"info","event":"Discovered coordinator coordinator-1 for group consumer_group","logger":"kafka.coordinator","filename":"base.py","lineno":788}
{"timestamp":"2025-11-17T01:29:19.448979Z","level":"info","event":"(Re-)joining group consumer_group","logger":"kafka.coordinator","filename":"base.py","lineno":532}
{"timestamp":"2025-11-17T01:29:19.452242Z","level":"warning","event":"Marking the coordinator dead (node coordinator-1) for group consumer_group: [Error 16] NotCoordinatorError.","logger":"kafka.coordinator","filename":"base.py","lineno":810}
{"timestamp":"2025-11-17T01:29:19.452512Z","level":"info","event":"Attempt to join group consumer_group failed due to obsolete coordinator information: NotCoordinatorError","logger":"kafka.coordinator","filename":"base.py","lineno":618}
{"timestamp":"2025-11-17T01:29:19.452768Z","level":"info","event":"Failed to join group consumer_group: [Error 16] NotCoordinatorError","logger":"kafka.coordinator","filename":"base.py","lineno":419}
{"timestamp":"2025-11-17T01:29:19.557167Z","level":"info","event":"Coordinator for group/consumer_group is BrokerMetadata(nodeId='coordinator-1', host='kafka', port=9092, rack=None)","logger":"kafka.cluster","filename":"cluster.py","lineno":401}
{"timestamp":"2025-11-17T01:29:19.557635Z","level":"info","event":"Discovered coordinator coordinator-1 for group consumer_group","logger":"kafka.coordinator","filename":"base.py","lineno":788}
{"timestamp":"2025-11-17T01:29:19.558005Z","level":"info","event":"(Re-)joining group consumer_group","logger":"kafka.coordinator","filename":"base.py","lineno":532}
{"timestamp":"2025-11-17T01:29:19.560856Z","level":"warning","event":"Marking the coordinator dead (node coordinator-1) for group consumer_group: [Error 16] NotCoordinatorError.","logger":"kafka.coordinator","filename":"base.py","lineno":810}
{"timestamp":"2025-11-17T01:29:19.561172Z","level":"info","event":"Attempt to join group consumer_group failed due to obsolete coordinator information: NotCoordinatorError","logger":"kafka.coordinator","filename":"base.py","lineno":618}
{"timestamp":"2025-11-17T01:29:19.561321Z","level":"info","event":"Failed to join group consumer_group: [Error 16] NotCoordinatorError","logger":"kafka.coordinator","filename":"base.py","lineno":419}
{"timestamp":"2025-11-17T01:29:19.664872Z","level":"info","event":"Coordinator for group/consumer_group is BrokerMetadata(nodeId='coordinator-1', host='kafka', port=9092, rack=None)","logger":"kafka.cluster","filename":"cluster.py","lineno":401}
{"timestamp":"2025-11-17T01:29:19.665225Z","level":"info","event":"Discovered coordinator coordinator-1 for group consumer_group","logger":"kafka.coordinator","filename":"base.py","lineno":788}
{"timestamp":"2025-11-17T01:29:19.665503Z","level":"info","event":"(Re-)joining group consumer_group","logger":"kafka.coordinator","filename":"base.py","lineno":532}
{"timestamp":"2025-11-17T01:29:19.667941Z","level":"warning","event":"Marking the coordinator dead (node coordinator-1) for group consumer_group: [Error 16] NotCoordinatorError.","logger":"kafka.coordinator","filename":"base.py","lineno":810}
{"timestamp":"2025-11-17T01:29:19.668270Z","level":"info","event":"Attempt to join group consumer_group failed due to obsolete coordinator information: NotCoordinatorError","logger":"kafka.coordinator","filename":"base.py","lineno":618}
{"timestamp":"2025-11-17T01:29:19.668487Z","level":"info","event":"Failed to join group consumer_group: [Error 16] NotCoordinatorError","logger":"kafka.coordinator","filename":"base.py","lineno":419}
{"timestamp":"2025-11-17T01:29:19.772445Z","level":"info","event":"Coordinator for group/consumer_group is BrokerMetadata(nodeId='coordinator-1', host='kafka', port=9092, rack=None)","logger":"kafka.cluster","filename":"cluster.py","lineno":401}
{"timestamp":"2025-11-17T01:29:19.772799Z","level":"info","event":"Discovered coordinator coordinator-1 for group consumer_group","logger":"kafka.coordinator","filename":"base.py","lineno":788}
{"timestamp":"2025-11-17T01:29:19.773053Z","level":"info","event":"(Re-)joining group consumer_group","logger":"kafka.coordinator","filename":"base.py","lineno":532}
{"timestamp":"2025-11-17T01:29:19.775339Z","level":"warning","event":"Marking the coordinator dead (node coordinator-1) for group consumer_group: [Error 16] NotCoordinatorError.","logger":"kafka.coordinator","filename":"base.py","lineno":810}
{"timestamp":"2025-11-17T01:29:19.775588Z","level":"info","event":"Attempt to join group consumer_group failed due to obsolete coordinator information: NotCoordinatorError","logger":"kafka.coordinator","filename":"base.py","lineno":618}
{"timestamp":"2025-11-17T01:29:19.775734Z","level":"info","event":"Failed to join group consumer_group: [Error 16] NotCoordinatorError","logger":"kafka.coordinator","filename":"base.py","lineno":419}
{"timestamp":"2025-11-17T01:29:19.879741Z","level":"info","event":"Coordinator for group/consumer_group is BrokerMetadata(nodeId='coordinator-1', host='kafka', port=9092, rack=None)","logger":"kafka.cluster","filename":"cluster.py","lineno":401}
{"timestamp":"2025-11-17T01:29:19.880477Z","level":"info","event":"Discovered coordinator coordinator-1 for group consumer_group","logger":"kafka.coordinator","filename":"base.py","lineno":788}
{"timestamp":"2025-11-17T01:29:19.881105Z","level":"info","event":"(Re-)joining group consumer_group","logger":"kafka.coordinator","filename":"base.py","lineno":532}
{"timestamp":"2025-11-17T01:29:19.885553Z","level":"warning","event":"Marking the coordinator dead (node coordinator-1) for group consumer_group: [Error 16] NotCoordinatorError.","logger":"kafka.coordinator","filename":"base.py","lineno":810}
{"timestamp":"2025-11-17T01:29:19.885999Z","level":"info","event":"Attempt to join group consumer_group failed due to obsolete coordinator information: NotCoordinatorError","logger":"kafka.coordinator","filename":"base.py","lineno":618}
{"timestamp":"2025-11-17T01:29:19.886229Z","level":"info","event":"Failed to join group consumer_group: [Error 16] NotCoordinatorError","logger":"kafka.coordinator","filename":"base.py","lineno":419}
{"timestamp":"2025-11-17T01:29:19.990091Z","level":"info","event":"Coordinator for group/consumer_group is BrokerMetadata(nodeId='coordinator-1', host='kafka', port=9092, rack=None)","logger":"kafka.cluster","filename":"cluster.py","lineno":401}
{"timestamp":"2025-11-17T01:29:19.990442Z","level":"info","event":"Discovered coordinator coordinator-1 for group consumer_group","logger":"kafka.coordinator","filename":"base.py","lineno":788}
{"timestamp":"2025-11-17T01:29:19.990635Z","level":"info","event":"(Re-)joining group consumer_group","logger":"kafka.coordinator","filename":"base.py","lineno":532}
{"timestamp":"2025-11-17T01:29:19.993050Z","level":"warning","event":"Marking the coordinator dead (node coordinator-1) for group consumer_group: [Error 16] NotCoordinatorError.","logger":"kafka.coordinator","filename":"base.py","lineno":810}
{"timestamp":"2025-11-17T01:29:19.993658Z","level":"info","event":"Attempt to join group consumer_group failed due to obsolete coordinator information: NotCoordinatorError","logger":"kafka.coordinator","filename":"base.py","lineno":618}
{"timestamp":"2025-11-17T01:29:19.994068Z","level":"info","event":"Failed to join group consumer_group: [Error 16] NotCoordinatorError","logger":"kafka.coordinator","filename":"base.py","lineno":419}
{"timestamp":"2025-11-17T01:29:20.097167Z","level":"info","event":"Coordinator for group/consumer_group is BrokerMetadata(nodeId='coordinator-1', host='kafka', port=9092, rack=None)","logger":"kafka.cluster","filename":"cluster.py","lineno":401}
{"timestamp":"2025-11-17T01:29:20.097522Z","level":"info","event":"Discovered coordinator coordinator-1 for group consumer_group","logger":"kafka.coordinator","filename":"base.py","lineno":788}
{"timestamp":"2025-11-17T01:29:20.097844Z","level":"info","event":"(Re-)joining group consumer_group","logger":"kafka.coordinator","filename":"base.py","lineno":532}
{"timestamp":"2025-11-17T01:29:20.100219Z","level":"warning","event":"Marking the coordinator dead (node coordinator-1) for group consumer_group: [Error 16] NotCoordinatorError.","logger":"kafka.coordinator","filename":"base.py","lineno":810}
{"timestamp":"2025-11-17T01:29:20.100472Z","level":"info","event":"Attempt to join group consumer_group failed due to obsolete coordinator information: NotCoordinatorError","logger":"kafka.coordinator","filename":"base.py","lineno":618}
{"timestamp":"2025-11-17T01:29:20.100694Z","level":"info","event":"Failed to join group consumer_group: [Error 16] NotCoordinatorError","logger":"kafka.coordinator","filename":"base.py","lineno":419}
{"timestamp":"2025-11-17T01:29:20.203854Z","level":"info","event":"Coordinator for group/consumer_group is BrokerMetadata(nodeId='coordinator-1', host='kafka', port=9092, rack=None)","logger":"kafka.cluster","filename":"cluster.py","lineno":401}
{"timestamp":"2025-11-17T01:29:20.204181Z","level":"info","event":"Discovered coordinator coordinator-1 for group consumer_group","logger":"kafka.coordinator","filename":"base.py","lineno":788}
{"timestamp":"2025-11-17T01:29:20.204416Z","level":"info","event":"(Re-)joining group consumer_group","logger":"kafka.coordinator","filename":"base.py","lineno":532}
{"timestamp":"2025-11-17T01:29:20.209136Z","level":"warning","event":"Marking the coordinator dead (node coordinator-1) for group consumer_group: [Error 16] NotCoordinatorError.","logger":"kafka.coordinator","filename":"base.py","lineno":810}
{"timestamp":"2025-11-17T01:29:20.209605Z","level":"info","event":"Attempt to join group consumer_group failed due to obsolete coordinator information: NotCoordinatorError","logger":"kafka.coordinator","filename":"base.py","lineno":618}
{"timestamp":"2025-11-17T01:29:20.209946Z","level":"info","event":"Failed to join group consumer_group: [Error 16] NotCoordinatorError","logger":"kafka.coordinator","filename":"base.py","lineno":419}
{"timestamp":"2025-11-17T01:29:20.315211Z","level":"info","event":"Coordinator for group/consumer_group is BrokerMetadata(nodeId='coordinator-1', host='kafka', port=9092, rack=None)","logger":"kafka.cluster","filename":"cluster.py","lineno":401}
{"timestamp":"2025-11-17T01:29:20.315598Z","level":"info","event":"Discovered coordinator coordinator-1 for group consumer_group","logger":"kafka.coordinator","filename":"base.py","lineno":788}
{"timestamp":"2025-11-17T01:29:20.315865Z","level":"info","event":"(Re-)joining group consumer_group","logger":"kafka.coordinator","filename":"base.py","lineno":532}
{"timestamp":"2025-11-17T01:29:20.318767Z","level":"warning","event":"Marking the coordinator dead (node coordinator-1) for group consumer_group: [Error 16] NotCoordinatorError.","logger":"kafka.coordinator","filename":"base.py","lineno":810}
{"timestamp":"2025-11-17T01:29:20.319076Z","level":"info","event":"Attempt to join group consumer_group failed due to obsolete coordinator information: NotCoordinatorError","logger":"kafka.coordinator","filename":"base.py","lineno":618}
{"timestamp":"2025-11-17T01:29:20.319296Z","level":"info","event":"Failed to join group consumer_group: [Error 16] NotCoordinatorError","logger":"kafka.coordinator","filename":"base.py","lineno":419}
{"timestamp":"2025-11-17T01:29:20.423348Z","level":"info","event":"Coordinator for group/consumer_group is BrokerMetadata(nodeId='coordinator-1', host='kafka', port=9092, rack=None)","logger":"kafka.cluster","filename":"cluster.py","lineno":401}
{"timestamp":"2025-11-17T01:29:20.423678Z","level":"info","event":"Discovered coordinator coordinator-1 for group consumer_group","logger":"kafka.coordinator","filename":"base.py","lineno":788}
{"timestamp":"2025-11-17T01:29:20.423875Z","level":"info","event":"(Re-)joining group consumer_group","logger":"kafka.coordinator","filename":"base.py","lineno":532}
{"timestamp":"2025-11-17T01:29:20.426627Z","level":"warning","event":"Marking the coordinator dead (node coordinator-1) for group consumer_group: [Error 16] NotCoordinatorError.","logger":"kafka.coordinator","filename":"base.py","lineno":810}
{"timestamp":"2025-11-17T01:29:20.426948Z","level":"info","event":"Attempt to join group consumer_group failed due to obsolete coordinator information: NotCoordinatorError","logger":"kafka.coordinator","filename":"base.py","lineno":618}
{"timestamp":"2025-11-17T01:29:20.427174Z","level":"info","event":"Failed to join group consumer_group: [Error 16] NotCoordinatorError","logger":"kafka.coordinator","filename":"base.py","lineno":419}
{"timestamp":"2025-11-17T01:29:20.530393Z","level":"info","event":"Coordinator for group/consumer_group is BrokerMetadata(nodeId='coordinator-1', host='kafka', port=9092, rack=None)","logger":"kafka.cluster","filename":"cluster.py","lineno":401}
{"timestamp":"2025-11-17T01:29:20.530677Z","level":"info","event":"Discovered coordinator coordinator-1 for group consumer_group","logger":"kafka.coordinator","filename":"base.py","lineno":788}
{"timestamp":"2025-11-17T01:29:20.530863Z","level":"info","event":"(Re-)joining group consumer_group","logger":"kafka.coordinator","filename":"base.py","lineno":532}
{"timestamp":"2025-11-17T01:29:20.533030Z","level":"warning","event":"Marking the coordinator dead (node coordinator-1) for group consumer_group: [Error 16] NotCoordinatorError.","logger":"kafka.coordinator","filename":"base.py","lineno":810}
{"timestamp":"2025-11-17T01:29:20.533296Z","level":"info","event":"Attempt to join group consumer_group failed due to obsolete coordinator information: NotCoordinatorError","logger":"kafka.coordinator","filename":"base.py","lineno":618}
{"timestamp":"2025-11-17T01:29:20.533524Z","level":"info","event":"Failed to join group consumer_group: [Error 16] NotCoordinatorError","logger":"kafka.coordinator","filename":"base.py","lineno":419}
{"timestamp":"2025-11-17T01:29:20.636894Z","level":"info","event":"Coordinator for group/consumer_group is BrokerMetadata(nodeId='coordinator-1', host='kafka', port=9092, rack=None)","logger":"kafka.cluster","filename":"cluster.py","lineno":401}
{"timestamp":"2025-11-17T01:29:20.637177Z","level":"info","event":"Discovered coordinator coordinator-1 for group consumer_group","logger":"kafka.coordinator","filename":"base.py","lineno":788}
{"timestamp":"2025-11-17T01:29:20.637366Z","level":"info","event":"(Re-)joining group consumer_group","logger":"kafka.coordinator","filename":"base.py","lineno":532}
{"timestamp":"2025-11-17T01:29:20.639516Z","level":"warning","event":"Marking the coordinator dead (node coordinator-1) for group consumer_group: [Error 16] NotCoordinatorError.","logger":"kafka.coordinator","filename":"base.py","lineno":810}
{"timestamp":"2025-11-17T01:29:20.639754Z","level":"info","event":"Attempt to join group consumer_group failed due to obsolete coordinator information: NotCoordinatorError","logger":"kafka.coordinator","filename":"base.py","lineno":618}
{"timestamp":"2025-11-17T01:29:20.639898Z","level":"info","event":"Failed to join group consumer_group: [Error 16] NotCoordinatorError","logger":"kafka.coordinator","filename":"base.py","lineno":419}
{"timestamp":"2025-11-17T01:29:20.743320Z","level":"info","event":"Coordinator for group/consumer_group is BrokerMetadata(nodeId='coordinator-1', host='kafka', port=9092, rack=None)","logger":"kafka.cluster","filename":"cluster.py","lineno":401}
{"timestamp":"2025-11-17T01:29:20.743666Z","level":"info","event":"Discovered coordinator coordinator-1 for group consumer_group","logger":"kafka.coordinator","filename":"base.py","lineno":788}
{"timestamp":"2025-11-17T01:29:20.743858Z","level":"info","event":"(Re-)joining group consumer_group","logger":"kafka.coordinator","filename":"base.py","lineno":532}
{"timestamp":"2025-11-17T01:29:20.745686Z","level":"warning","event":"Marking the coordinator dead (node coordinator-1) for group consumer_group: [Error 16] NotCoordinatorError.","logger":"kafka.coordinator","filename":"base.py","lineno":810}
{"timestamp":"2025-11-17T01:29:20.746046Z","level":"info","event":"Attempt to join group consumer_group failed due to obsolete coordinator information: NotCoordinatorError","logger":"kafka.coordinator","filename":"base.py","lineno":618}
{"timestamp":"2025-11-17T01:29:20.746263Z","level":"info","event":"Failed to join group consumer_group: [Error 16] NotCoordinatorError","logger":"kafka.coordinator","filename":"base.py","lineno":419}
{"timestamp":"2025-11-17T01:29:20.849823Z","level":"info","event":"Coordinator for group/consumer_group is BrokerMetadata(nodeId='coordinator-1', host='kafka', port=9092, rack=None)","logger":"kafka.cluster","filename":"cluster.py","lineno":401}
{"timestamp":"2025-11-17T01:29:20.850272Z","level":"info","event":"Discovered coordinator coordinator-1 for group consumer_group","logger":"kafka.coordinator","filename":"base.py","lineno":788}
{"timestamp":"2025-11-17T01:29:20.850605Z","level":"info","event":"(Re-)joining group consumer_group","logger":"kafka.coordinator","filename":"base.py","lineno":532}
{"timestamp":"2025-11-17T01:29:20.853116Z","level":"warning","event":"Marking the coordinator dead (node coordinator-1) for group consumer_group: [Error 16] NotCoordinatorError.","logger":"kafka.coordinator","filename":"base.py","lineno":810}
{"timestamp":"2025-11-17T01:29:20.853445Z","level":"info","event":"Attempt to join group consumer_group failed due to obsolete coordinator information: NotCoordinatorError","logger":"kafka.coordinator","filename":"base.py","lineno":618}
{"timestamp":"2025-11-17T01:29:20.853713Z","level":"info","event":"Failed to join group consumer_group: [Error 16] NotCoordinatorError","logger":"kafka.coordinator","filename":"base.py","lineno":419}
{"timestamp":"2025-11-17T01:29:20.957668Z","level":"info","event":"Coordinator for group/consumer_group is BrokerMetadata(nodeId='coordinator-1', host='kafka', port=9092, rack=None)","logger":"kafka.cluster","filename":"cluster.py","lineno":401}
{"timestamp":"2025-11-17T01:29:20.958051Z","level":"info","event":"Discovered coordinator coordinator-1 for group consumer_group","logger":"kafka.coordinator","filename":"base.py","lineno":788}
{"timestamp":"2025-11-17T01:29:20.958393Z","level":"info","event":"(Re-)joining group consumer_group","logger":"kafka.coordinator","filename":"base.py","lineno":532}
{"timestamp":"2025-11-17T01:29:20.961549Z","level":"warning","event":"Marking the coordinator dead (node coordinator-1) for group consumer_group: [Error 16] NotCoordinatorError.","logger":"kafka.coordinator","filename":"base.py","lineno":810}
{"timestamp":"2025-11-17T01:29:20.961995Z","level":"info","event":"Attempt to join group consumer_group failed due to obsolete coordinator information: NotCoordinatorError","logger":"kafka.coordinator","filename":"base.py","lineno":618}
{"timestamp":"2025-11-17T01:29:20.962214Z","level":"info","event":"Failed to join group consumer_group: [Error 16] NotCoordinatorError","logger":"kafka.coordinator","filename":"base.py","lineno":419}
{"timestamp":"2025-11-17T01:29:21.065431Z","level":"info","event":"Coordinator for group/consumer_group is BrokerMetadata(nodeId='coordinator-1', host='kafka', port=9092, rack=None)","logger":"kafka.cluster","filename":"cluster.py","lineno":401}
{"timestamp":"2025-11-17T01:29:21.065776Z","level":"info","event":"Discovered coordinator coordinator-1 for group consumer_group","logger":"kafka.coordinator","filename":"base.py","lineno":788}
{"timestamp":"2025-11-17T01:29:21.066145Z","level":"info","event":"(Re-)joining group consumer_group","logger":"kafka.coordinator","filename":"base.py","lineno":532}
{"timestamp":"2025-11-17T01:29:21.068197Z","level":"warning","event":"Marking the coordinator dead (node coordinator-1) for group consumer_group: [Error 16] NotCoordinatorError.","logger":"kafka.coordinator","filename":"base.py","lineno":810}
{"timestamp":"2025-11-17T01:29:21.068433Z","level":"info","event":"Attempt to join group consumer_group failed due to obsolete coordinator information: NotCoordinatorError","logger":"kafka.coordinator","filename":"base.py","lineno":618}
{"timestamp":"2025-11-17T01:29:21.068579Z","level":"info","event":"Failed to join group consumer_group: [Error 16] NotCoordinatorError","logger":"kafka.coordinator","filename":"base.py","lineno":419}
{"timestamp":"2025-11-17T01:29:21.171931Z","level":"info","event":"Coordinator for group/consumer_group is BrokerMetadata(nodeId='coordinator-1', host='kafka', port=9092, rack=None)","logger":"kafka.cluster","filename":"cluster.py","lineno":401}
{"timestamp":"2025-11-17T01:29:21.172244Z","level":"info","event":"Discovered coordinator coordinator-1 for group consumer_group","logger":"kafka.coordinator","filename":"base.py","lineno":788}
{"timestamp":"2025-11-17T01:29:21.172472Z","level":"info","event":"(Re-)joining group consumer_group","logger":"kafka.coordinator","filename":"base.py","lineno":532}
{"timestamp":"2025-11-17T01:29:21.174607Z","level":"warning","event":"Marking the coordinator dead (node coordinator-1) for group consumer_group: [Error 16] NotCoordinatorError.","logger":"kafka.coordinator","filename":"base.py","lineno":810}
{"timestamp":"2025-11-17T01:29:21.174849Z","level":"info","event":"Attempt to join group consumer_group failed due to obsolete coordinator information: NotCoordinatorError","logger":"kafka.coordinator","filename":"base.py","lineno":618}
{"timestamp":"2025-11-17T01:29:21.175065Z","level":"info","event":"Failed to join group consumer_group: [Error 16] NotCoordinatorError","logger":"kafka.coordinator","filename":"base.py","lineno":419}
{"timestamp":"2025-11-17T01:29:21.280862Z","level":"info","event":"Coordinator for group/consumer_group is BrokerMetadata(nodeId='coordinator-1', host='kafka', port=9092, rack=None)","logger":"kafka.cluster","filename":"cluster.py","lineno":401}
{"timestamp":"2025-11-17T01:29:21.281315Z","level":"info","event":"Discovered coordinator coordinator-1 for group consumer_group","logger":"kafka.coordinator","filename":"base.py","lineno":788}
{"timestamp":"2025-11-17T01:29:21.281526Z","level":"info","event":"(Re-)joining group consumer_group","logger":"kafka.coordinator","filename":"base.py","lineno":532}
{"timestamp":"2025-11-17T01:29:21.283900Z","level":"warning","event":"Marking the coordinator dead (node coordinator-1) for group consumer_group: [Error 16] NotCoordinatorError.","logger":"kafka.coordinator","filename":"base.py","lineno":810}
{"timestamp":"2025-11-17T01:29:21.284153Z","level":"info","event":"Attempt to join group consumer_group failed due to obsolete coordinator information: NotCoordinatorError","logger":"kafka.coordinator","filename":"base.py","lineno":618}
{"timestamp":"2025-11-17T01:29:21.284375Z","level":"info","event":"Failed to join group consumer_group: [Error 16] NotCoordinatorError","logger":"kafka.coordinator","filename":"base.py","lineno":419}
{"timestamp":"2025-11-17T01:29:21.388483Z","level":"info","event":"Coordinator for group/consumer_group is BrokerMetadata(nodeId='coordinator-1', host='kafka', port=9092, rack=None)","logger":"kafka.cluster","filename":"cluster.py","lineno":401}
{"timestamp":"2025-11-17T01:29:21.388889Z","level":"info","event":"Discovered coordinator coordinator-1 for group consumer_group","logger":"kafka.coordinator","filename":"base.py","lineno":788}
{"timestamp":"2025-11-17T01:29:21.389173Z","level":"info","event":"(Re-)joining group consumer_group","logger":"kafka.coordinator","filename":"base.py","lineno":532}
{"timestamp":"2025-11-17T01:29:21.392213Z","level":"warning","event":"Marking the coordinator dead (node coordinator-1) for group consumer_group: [Error 16] NotCoordinatorError.","logger":"kafka.coordinator","filename":"base.py","lineno":810}
{"timestamp":"2025-11-17T01:29:21.392637Z","level":"info","event":"Attempt to join group consumer_group failed due to obsolete coordinator information: NotCoordinatorError","logger":"kafka.coordinator","filename":"base.py","lineno":618}
{"timestamp":"2025-11-17T01:29:21.392919Z","level":"info","event":"Failed to join group consumer_group: [Error 16] NotCoordinatorError","logger":"kafka.coordinator","filename":"base.py","lineno":419}
{"timestamp":"2025-11-17T01:29:21.497318Z","level":"info","event":"Coordinator for group/consumer_group is BrokerMetadata(nodeId='coordinator-1', host='kafka', port=9092, rack=None)","logger":"kafka.cluster","filename":"cluster.py","lineno":401}
{"timestamp":"2025-11-17T01:29:21.497602Z","level":"info","event":"Discovered coordinator coordinator-1 for group consumer_group","logger":"kafka.coordinator","filename":"base.py","lineno":788}
{"timestamp":"2025-11-17T01:29:21.497966Z","level":"info","event":"(Re-)joining group consumer_group","logger":"kafka.coordinator","filename":"base.py","lineno":532}
{"timestamp":"2025-11-17T01:29:21.500402Z","level":"warning","event":"Marking the coordinator dead (node coordinator-1) for group consumer_group: [Error 16] NotCoordinatorError.","logger":"kafka.coordinator","filename":"base.py","lineno":810}
{"timestamp":"2025-11-17T01:29:21.500775Z","level":"info","event":"Attempt to join group consumer_group failed due to obsolete coordinator information: NotCoordinatorError","logger":"kafka.coordinator","filename":"base.py","lineno":618}
{"timestamp":"2025-11-17T01:29:21.501056Z","level":"info","event":"Failed to join group consumer_group: [Error 16] NotCoordinatorError","logger":"kafka.coordinator","filename":"base.py","lineno":419}
{"timestamp":"2025-11-17T01:29:21.605134Z","level":"info","event":"Coordinator for group/consumer_group is BrokerMetadata(nodeId='coordinator-1', host='kafka', port=9092, rack=None)","logger":"kafka.cluster","filename":"cluster.py","lineno":401}
{"timestamp":"2025-11-17T01:29:21.605572Z","level":"info","event":"Discovered coordinator coordinator-1 for group consumer_group","logger":"kafka.coordinator","filename":"base.py","lineno":788}
{"timestamp":"2025-11-17T01:29:21.607372Z","level":"info","event":"(Re-)joining group consumer_group","logger":"kafka.coordinator","filename":"base.py","lineno":532}
{"timestamp":"2025-11-17T01:29:21.611907Z","level":"warning","event":"Marking the coordinator dead (node coordinator-1) for group consumer_group: [Error 16] NotCoordinatorError.","logger":"kafka.coordinator","filename":"base.py","lineno":810}
{"timestamp":"2025-11-17T01:29:21.612239Z","level":"info","event":"Attempt to join group consumer_group failed due to obsolete coordinator information: NotCoordinatorError","logger":"kafka.coordinator","filename":"base.py","lineno":618}
{"timestamp":"2025-11-17T01:29:21.612414Z","level":"info","event":"Failed to join group consumer_group: [Error 16] NotCoordinatorError","logger":"kafka.coordinator","filename":"base.py","lineno":419}
{"timestamp":"2025-11-17T01:29:21.715757Z","level":"info","event":"Coordinator for group/consumer_group is BrokerMetadata(nodeId='coordinator-1', host='kafka', port=9092, rack=None)","logger":"kafka.cluster","filename":"cluster.py","lineno":401}
{"timestamp":"2025-11-17T01:29:21.716152Z","level":"info","event":"Discovered coordinator coordinator-1 for group consumer_group","logger":"kafka.coordinator","filename":"base.py","lineno":788}
{"timestamp":"2025-11-17T01:29:21.716476Z","level":"info","event":"(Re-)joining group consumer_group","logger":"kafka.coordinator","filename":"base.py","lineno":532}
{"timestamp":"2025-11-17T01:29:21.719089Z","level":"warning","event":"Marking the coordinator dead (node coordinator-1) for group consumer_group: [Error 16] NotCoordinatorError.","logger":"kafka.coordinator","filename":"base.py","lineno":810}
{"timestamp":"2025-11-17T01:29:21.719476Z","level":"info","event":"Attempt to join group consumer_group failed due to obsolete coordinator information: NotCoordinatorError","logger":"kafka.coordinator","filename":"base.py","lineno":618}
{"timestamp":"2025-11-17T01:29:21.719692Z","level":"info","event":"Failed to join group consumer_group: [Error 16] NotCoordinatorError","logger":"kafka.coordinator","filename":"base.py","lineno":419}
{"timestamp":"2025-11-17T01:29:21.824168Z","level":"info","event":"Coordinator for group/consumer_group is BrokerMetadata(nodeId='coordinator-1', host='kafka', port=9092, rack=None)","logger":"kafka.cluster","filename":"cluster.py","lineno":401}
{"timestamp":"2025-11-17T01:29:21.824557Z","level":"info","event":"Discovered coordinator coordinator-1 for group consumer_group","logger":"kafka.coordinator","filename":"base.py","lineno":788}
{"timestamp":"2025-11-17T01:29:21.824858Z","level":"info","event":"(Re-)joining group consumer_group","logger":"kafka.coordinator","filename":"base.py","lineno":532}
{"timestamp":"2025-11-17T01:29:21.827461Z","level":"warning","event":"Marking the coordinator dead (node coordinator-1) for group consumer_group: [Error 16] NotCoordinatorError.","logger":"kafka.coordinator","filename":"base.py","lineno":810}
{"timestamp":"2025-11-17T01:29:21.827892Z","level":"info","event":"Attempt to join group consumer_group failed due to obsolete coordinator information: NotCoordinatorError","logger":"kafka.coordinator","filename":"base.py","lineno":618}
{"timestamp":"2025-11-17T01:29:21.828197Z","level":"info","event":"Failed to join group consumer_group: [Error 16] NotCoordinatorError","logger":"kafka.coordinator","filename":"base.py","lineno":419}
{"timestamp":"2025-11-17T01:29:21.932172Z","level":"info","event":"Coordinator for group/consumer_group is BrokerMetadata(nodeId='coordinator-1', host='kafka', port=9092, rack=None)","logger":"kafka.cluster","filename":"cluster.py","lineno":401}
{"timestamp":"2025-11-17T01:29:21.932483Z","level":"info","event":"Discovered coordinator coordinator-1 for group consumer_group","logger":"kafka.coordinator","filename":"base.py","lineno":788}
{"timestamp":"2025-11-17T01:29:21.932758Z","level":"info","event":"(Re-)joining group consumer_group","logger":"kafka.coordinator","filename":"base.py","lineno":532}
{"timestamp":"2025-11-17T01:29:21.935000Z","level":"warning","event":"Marking the coordinator dead (node coordinator-1) for group consumer_group: [Error 16] NotCoordinatorError.","logger":"kafka.coordinator","filename":"base.py","lineno":810}
{"timestamp":"2025-11-17T01:29:21.935351Z","level":"info","event":"Attempt to join group consumer_group failed due to obsolete coordinator information: NotCoordinatorError","logger":"kafka.coordinator","filename":"base.py","lineno":618}
{"timestamp":"2025-11-17T01:29:21.935576Z","level":"info","event":"Failed to join group consumer_group: [Error 16] NotCoordinatorError","logger":"kafka.coordinator","filename":"base.py","lineno":419}
{"timestamp":"2025-11-17T01:29:22.039180Z","level":"info","event":"Coordinator for group/consumer_group is BrokerMetadata(nodeId='coordinator-1', host='kafka', port=9092, rack=None)","logger":"kafka.cluster","filename":"cluster.py","lineno":401}
{"timestamp":"2025-11-17T01:29:22.039552Z","level":"info","event":"Discovered coordinator coordinator-1 for group consumer_group","logger":"kafka.coordinator","filename":"base.py","lineno":788}
{"timestamp":"2025-11-17T01:29:22.039828Z","level":"info","event":"(Re-)joining group consumer_group","logger":"kafka.coordinator","filename":"base.py","lineno":532}
{"timestamp":"2025-11-17T01:29:22.042762Z","level":"warning","event":"Marking the coordinator dead (node coordinator-1) for group consumer_group: [Error 16] NotCoordinatorError.","logger":"kafka.coordinator","filename":"base.py","lineno":810}
{"timestamp":"2025-11-17T01:29:22.043164Z","level":"info","event":"Attempt to join group consumer_group failed due to obsolete coordinator information: NotCoordinatorError","logger":"kafka.coordinator","filename":"base.py","lineno":618}
{"timestamp":"2025-11-17T01:29:22.043433Z","level":"info","event":"Failed to join group consumer_group: [Error 16] NotCoordinatorError","logger":"kafka.coordinator","filename":"base.py","lineno":419}
{"timestamp":"2025-11-17T01:29:22.146562Z","level":"info","event":"Coordinator for group/consumer_group is BrokerMetadata(nodeId='coordinator-1', host='kafka', port=9092, rack=None)","logger":"kafka.cluster","filename":"cluster.py","lineno":401}
{"timestamp":"2025-11-17T01:29:22.146932Z","level":"info","event":"Discovered coordinator coordinator-1 for group consumer_group","logger":"kafka.coordinator","filename":"base.py","lineno":788}
{"timestamp":"2025-11-17T01:29:22.147224Z","level":"info","event":"(Re-)joining group consumer_group","logger":"kafka.coordinator","filename":"base.py","lineno":532}
{"timestamp":"2025-11-17T01:29:22.149426Z","level":"warning","event":"Marking the coordinator dead (node coordinator-1) for group consumer_group: [Error 16] NotCoordinatorError.","logger":"kafka.coordinator","filename":"base.py","lineno":810}
{"timestamp":"2025-11-17T01:29:22.149708Z","level":"info","event":"Attempt to join group consumer_group failed due to obsolete coordinator information: NotCoordinatorError","logger":"kafka.coordinator","filename":"base.py","lineno":618}
{"timestamp":"2025-11-17T01:29:22.150094Z","level":"info","event":"Failed to join group consumer_group: [Error 16] NotCoordinatorError","logger":"kafka.coordinator","filename":"base.py","lineno":419}
{"timestamp":"2025-11-17T01:29:22.252796Z","level":"info","event":"Coordinator for group/consumer_group is BrokerMetadata(nodeId='coordinator-1', host='kafka', port=9092, rack=None)","logger":"kafka.cluster","filename":"cluster.py","lineno":401}
{"timestamp":"2025-11-17T01:29:22.253105Z","level":"info","event":"Discovered coordinator coordinator-1 for group consumer_group","logger":"kafka.coordinator","filename":"base.py","lineno":788}
{"timestamp":"2025-11-17T01:29:22.253298Z","level":"info","event":"(Re-)joining group consumer_group","logger":"kafka.coordinator","filename":"base.py","lineno":532}
{"timestamp":"2025-11-17T01:29:22.255710Z","level":"warning","event":"Marking the coordinator dead (node coordinator-1) for group consumer_group: [Error 16] NotCoordinatorError.","logger":"kafka.coordinator","filename":"base.py","lineno":810}
{"timestamp":"2025-11-17T01:29:22.256046Z","level":"info","event":"Attempt to join group consumer_group failed due to obsolete coordinator information: NotCoordinatorError","logger":"kafka.coordinator","filename":"base.py","lineno":618}
{"timestamp":"2025-11-17T01:29:22.256244Z","level":"info","event":"Failed to join group consumer_group: [Error 16] NotCoordinatorError","logger":"kafka.coordinator","filename":"base.py","lineno":419}
{"timestamp":"2025-11-17T01:29:22.359969Z","level":"info","event":"Coordinator for group/consumer_group is BrokerMetadata(nodeId='coordinator-1', host='kafka', port=9092, rack=None)","logger":"kafka.cluster","filename":"cluster.py","lineno":401}
{"timestamp":"2025-11-17T01:29:22.360283Z","level":"info","event":"Discovered coordinator coordinator-1 for group consumer_group","logger":"kafka.coordinator","filename":"base.py","lineno":788}
{"timestamp":"2025-11-17T01:29:22.360481Z","level":"info","event":"(Re-)joining group consumer_group","logger":"kafka.coordinator","filename":"base.py","lineno":532}
{"timestamp":"2025-11-17T01:29:22.363224Z","level":"warning","event":"Marking the coordinator dead (node coordinator-1) for group consumer_group: [Error 16] NotCoordinatorError.","logger":"kafka.coordinator","filename":"base.py","lineno":810}
{"timestamp":"2025-11-17T01:29:22.363601Z","level":"info","event":"Attempt to join group consumer_group failed due to obsolete coordinator information: NotCoordinatorError","logger":"kafka.coordinator","filename":"base.py","lineno":618}
{"timestamp":"2025-11-17T01:29:22.363819Z","level":"info","event":"Failed to join group consumer_group: [Error 16] NotCoordinatorError","logger":"kafka.coordinator","filename":"base.py","lineno":419}
{"timestamp":"2025-11-17T01:29:22.466292Z","level":"info","event":"Coordinator for group/consumer_group is BrokerMetadata(nodeId='coordinator-1', host='kafka', port=9092, rack=None)","logger":"kafka.cluster","filename":"cluster.py","lineno":401}
{"timestamp":"2025-11-17T01:29:22.466598Z","level":"info","event":"Discovered coordinator coordinator-1 for group consumer_group","logger":"kafka.coordinator","filename":"base.py","lineno":788}
{"timestamp":"2025-11-17T01:29:22.466852Z","level":"info","event":"(Re-)joining group consumer_group","logger":"kafka.coordinator","filename":"base.py","lineno":532}
{"timestamp":"2025-11-17T01:29:22.469033Z","level":"warning","event":"Marking the coordinator dead (node coordinator-1) for group consumer_group: [Error 16] NotCoordinatorError.","logger":"kafka.coordinator","filename":"base.py","lineno":810}
{"timestamp":"2025-11-17T01:29:22.469364Z","level":"info","event":"Attempt to join group consumer_group failed due to obsolete coordinator information: NotCoordinatorError","logger":"kafka.coordinator","filename":"base.py","lineno":618}
{"timestamp":"2025-11-17T01:29:22.469584Z","level":"info","event":"Failed to join group consumer_group: [Error 16] NotCoordinatorError","logger":"kafka.coordinator","filename":"base.py","lineno":419}
{"timestamp":"2025-11-17T01:29:22.573605Z","level":"info","event":"Coordinator for group/consumer_group is BrokerMetadata(nodeId='coordinator-1', host='kafka', port=9092, rack=None)","logger":"kafka.cluster","filename":"cluster.py","lineno":401}
{"timestamp":"2025-11-17T01:29:22.573985Z","level":"info","event":"Discovered coordinator coordinator-1 for group consumer_group","logger":"kafka.coordinator","filename":"base.py","lineno":788}
{"timestamp":"2025-11-17T01:29:22.574222Z","level":"info","event":"(Re-)joining group consumer_group","logger":"kafka.coordinator","filename":"base.py","lineno":532}
{"timestamp":"2025-11-17T01:29:22.576502Z","level":"warning","event":"Marking the coordinator dead (node coordinator-1) for group consumer_group: [Error 16] NotCoordinatorError.","logger":"kafka.coordinator","filename":"base.py","lineno":810}
{"timestamp":"2025-11-17T01:29:22.576751Z","level":"info","event":"Attempt to join group consumer_group failed due to obsolete coordinator information: NotCoordinatorError","logger":"kafka.coordinator","filename":"base.py","lineno":618}
{"timestamp":"2025-11-17T01:29:22.576895Z","level":"info","event":"Failed to join group consumer_group: [Error 16] NotCoordinatorError","logger":"kafka.coordinator","filename":"base.py","lineno":419}
{"timestamp":"2025-11-17T01:29:22.679537Z","level":"info","event":"Coordinator for group/consumer_group is BrokerMetadata(nodeId='coordinator-1', host='kafka', port=9092, rack=None)","logger":"kafka.cluster","filename":"cluster.py","lineno":401}
{"timestamp":"2025-11-17T01:29:22.679826Z","level":"info","event":"Discovered coordinator coordinator-1 for group consumer_group","logger":"kafka.coordinator","filename":"base.py","lineno":788}
{"timestamp":"2025-11-17T01:29:22.680037Z","level":"info","event":"(Re-)joining group consumer_group","logger":"kafka.coordinator","filename":"base.py","lineno":532}
{"timestamp":"2025-11-17T01:29:22.682543Z","level":"warning","event":"Marking the coordinator dead (node coordinator-1) for group consumer_group: [Error 16] NotCoordinatorError.","logger":"kafka.coordinator","filename":"base.py","lineno":810}
{"timestamp":"2025-11-17T01:29:22.682861Z","level":"info","event":"Attempt to join group consumer_group failed due to obsolete coordinator information: NotCoordinatorError","logger":"kafka.coordinator","filename":"base.py","lineno":618}
{"timestamp":"2025-11-17T01:29:22.683052Z","level":"info","event":"Failed to join group consumer_group: [Error 16] NotCoordinatorError","logger":"kafka.coordinator","filename":"base.py","lineno":419}
{"timestamp":"2025-11-17T01:29:22.786290Z","level":"info","event":"Coordinator for group/consumer_group is BrokerMetadata(nodeId='coordinator-1', host='kafka', port=9092, rack=None)","logger":"kafka.cluster","filename":"cluster.py","lineno":401}
{"timestamp":"2025-11-17T01:29:22.786604Z","level":"info","event":"Discovered coordinator coordinator-1 for group consumer_group","logger":"kafka.coordinator","filename":"base.py","lineno":788}
{"timestamp":"2025-11-17T01:29:22.786868Z","level":"info","event":"(Re-)joining group consumer_group","logger":"kafka.coordinator","filename":"base.py","lineno":532}
{"timestamp":"2025-11-17T01:29:22.790346Z","level":"warning","event":"Marking the coordinator dead (node coordinator-1) for group consumer_group: [Error 16] NotCoordinatorError.","logger":"kafka.coordinator","filename":"base.py","lineno":810}
{"timestamp":"2025-11-17T01:29:22.790638Z","level":"info","event":"Attempt to join group consumer_group failed due to obsolete coordinator information: NotCoordinatorError","logger":"kafka.coordinator","filename":"base.py","lineno":618}
{"timestamp":"2025-11-17T01:29:22.790803Z","level":"info","event":"Failed to join group consumer_group: [Error 16] NotCoordinatorError","logger":"kafka.coordinator","filename":"base.py","lineno":419}
{"timestamp":"2025-11-17T01:29:22.893472Z","level":"info","event":"Coordinator for group/consumer_group is BrokerMetadata(nodeId='coordinator-1', host='kafka', port=9092, rack=None)","logger":"kafka.cluster","filename":"cluster.py","lineno":401}
{"timestamp":"2025-11-17T01:29:22.893809Z","level":"info","event":"Discovered coordinator coordinator-1 for group consumer_group","logger":"kafka.coordinator","filename":"base.py","lineno":788}
{"timestamp":"2025-11-17T01:29:22.894130Z","level":"info","event":"(Re-)joining group consumer_group","logger":"kafka.coordinator","filename":"base.py","lineno":532}
{"timestamp":"2025-11-17T01:29:22.897691Z","level":"warning","event":"Marking the coordinator dead (node coordinator-1) for group consumer_group: [Error 16] NotCoordinatorError.","logger":"kafka.coordinator","filename":"base.py","lineno":810}
{"timestamp":"2025-11-17T01:29:22.898132Z","level":"info","event":"Attempt to join group consumer_group failed due to obsolete coordinator information: NotCoordinatorError","logger":"kafka.coordinator","filename":"base.py","lineno":618}
{"timestamp":"2025-11-17T01:29:22.898370Z","level":"info","event":"Failed to join group consumer_group: [Error 16] NotCoordinatorError","logger":"kafka.coordinator","filename":"base.py","lineno":419}
{"timestamp":"2025-11-17T01:29:22.940586Z","level":"info","event":"Coordinator for group/consumer_group is BrokerMetadata(nodeId='coordinator-1', host='kafka', port=9092, rack=None)","logger":"kafka.cluster","filename":"cluster.py","lineno":401}
{"timestamp":"2025-11-17T01:29:22.940884Z","level":"info","event":"Discovered coordinator coordinator-1 for group consumer_group","logger":"kafka.coordinator","filename":"base.py","lineno":788}
{"timestamp":"2025-11-17T01:29:22.941155Z","level":"info","event":"Stopping heartbeat thread","logger":"kafka.coordinator.heartbeat","filename":"base.py","lineno":1052}
{"timestamp":"2025-11-17T01:29:22.942213Z","level":"info","event":"<BrokerConnection client_id=kafka-python-2.2.15, node_id=1 host=kafka:9092 <connected> [IPv4 ('172.19.0.2', 9092)]>: Closing connection. ","logger":"kafka.conn","filename":"conn.py","lineno":945}
{"timestamp":"2025-11-17T01:29:22.942696Z","level":"info","event":"<BrokerConnection client_id=kafka-python-2.2.15, node_id=coordinator-1 host=kafka:9092 <connected> [IPv4 ('172.19.0.2', 9092)]>: Closing connection. ","logger":"kafka.conn","filename":"conn.py","lineno":945}
{"timestamp":"2025-11-17T01:29:22.943951Z","level":"info","event":"Done. Returned value was: None","logger":"airflow.task.operators.airflow.providers.standard.operators.python.PythonOperator","filename":"python.py","lineno":218}
{"timestamp":"2025-11-17T01:29:22.945131Z","level":"info","event":"Dont have any messages","logger":"task.stdout"}
