{"timestamp":"2025-11-17T01:29:16.387376Z","level":"info","event":"DAG bundles loaded: dags-folder","logger":"airflow.dag_processing.bundles.manager.DagBundlesManager","filename":"manager.py","lineno":179}
{"timestamp":"2025-11-17T01:29:16.390779Z","level":"info","event":"Filling up the DagBag from /opt/airflow/dags/kafka_test.py","logger":"airflow.models.dagbag.DagBag","filename":"dagbag.py","lineno":593}
{"timestamp":"2025-11-17T01:29:17.275702Z","level":"warning","event":"The `airflow.operators.python.PythonOperator` attribute is deprecated. Please use `'airflow.providers.standard.operators.python.PythonOperator'`.","category":"DeprecatedImportWarning","filename":"/opt/airflow/dags/kafka_test.py","lineno":2,"logger":"py.warnings"}
{"timestamp":"2025-11-17T01:29:17.374272Z","level":"info","event":"<BrokerConnection client_id=kafka-python-2.2.15, node_id=bootstrap-0 host=kafka:9092 <connecting> [IPv4 ('172.19.0.2', 9092)]>: connecting to kafka:9092 [('172.19.0.2', 9092) IPv4]","logger":"kafka.conn","filename":"conn.py","lineno":396}
{"timestamp":"2025-11-17T01:29:17.393032Z","level":"info","event":"<BrokerConnection client_id=kafka-python-2.2.15, node_id=bootstrap-0 host=kafka:9092 <checking_api_versions_recv> [IPv4 ('172.19.0.2', 9092)]>: Broker version identified as 2.6","logger":"kafka.conn","filename":"conn.py","lineno":618}
{"timestamp":"2025-11-17T01:29:17.394692Z","level":"info","event":"<BrokerConnection client_id=kafka-python-2.2.15, node_id=bootstrap-0 host=kafka:9092 <connected> [IPv4 ('172.19.0.2', 9092)]>: Connection complete.","logger":"kafka.conn","filename":"conn.py","lineno":457}
{"timestamp":"2025-11-17T01:29:17.396952Z","level":"info","event":"Updating subscribed topics to: ('airflow_topic',)","logger":"kafka.consumer.subscription_state","filename":"subscription_state.py","lineno":181}
{"timestamp":"2025-11-17T01:29:17.398471Z","level":"info","event":"Wating message from topic: airflow_topic","logger":"task.stdout"}
{"timestamp":"2025-11-17T01:29:17.435626Z","level":"error","event":"Topic airflow_topic not found in cluster metadata","logger":"kafka.cluster","filename":"cluster.py","lineno":316}
{"timestamp":"2025-11-17T01:29:17.438837Z","level":"info","event":"<BrokerConnection client_id=kafka-python-2.2.15, node_id=1 host=kafka:9092 <connecting> [IPv4 ('172.19.0.2', 9092)]>: connecting to kafka:9092 [('172.19.0.2', 9092) IPv4]","logger":"kafka.conn","filename":"conn.py","lineno":396}
{"timestamp":"2025-11-17T01:29:17.439994Z","level":"info","event":"<BrokerConnection client_id=kafka-python-2.2.15, node_id=1 host=kafka:9092 <connected> [IPv4 ('172.19.0.2', 9092)]>: Connection complete.","logger":"kafka.conn","filename":"conn.py","lineno":457}
{"timestamp":"2025-11-17T01:29:17.440399Z","level":"info","event":"<BrokerConnection client_id=kafka-python-2.2.15, node_id=bootstrap-0 host=kafka:9092 <connected> [IPv4 ('172.19.0.2', 9092)]>: Closing connection. ","logger":"kafka.conn","filename":"conn.py","lineno":945}
{"timestamp":"2025-11-17T01:29:17.760967Z","level":"info","event":"Coordinator for group/consumer_group is BrokerMetadata(nodeId='coordinator-1', host='kafka', port=9092, rack=None)","logger":"kafka.cluster","filename":"cluster.py","lineno":401}
{"timestamp":"2025-11-17T01:29:17.761477Z","level":"info","event":"Discovered coordinator coordinator-1 for group consumer_group","logger":"kafka.coordinator","filename":"base.py","lineno":788}
{"timestamp":"2025-11-17T01:29:17.761963Z","level":"info","event":"Starting new heartbeat thread","logger":"kafka.coordinator.heartbeat","filename":"base.py","lineno":848}
{"timestamp":"2025-11-17T01:29:17.763850Z","level":"info","event":"Revoking previously assigned partitions set() for group consumer_group","logger":"kafka.coordinator.consumer","filename":"consumer.py","lineno":365}
{"timestamp":"2025-11-17T01:29:17.764263Z","level":"info","event":"Failed to join group consumer_group: NodeNotReadyError: coordinator-1","logger":"kafka.coordinator","filename":"base.py","lineno":419}
{"timestamp":"2025-11-17T01:29:17.766985Z","level":"info","event":"<BrokerConnection client_id=kafka-python-2.2.15, node_id=coordinator-1 host=kafka:9092 <connecting> [IPv4 ('172.19.0.2', 9092)]>: connecting to kafka:9092 [('172.19.0.2', 9092) IPv4]","logger":"kafka.conn","filename":"conn.py","lineno":396}
{"timestamp":"2025-11-17T01:29:17.768361Z","level":"info","event":"<BrokerConnection client_id=kafka-python-2.2.15, node_id=coordinator-1 host=kafka:9092 <connected> [IPv4 ('172.19.0.2', 9092)]>: Connection complete.","logger":"kafka.conn","filename":"conn.py","lineno":457}
{"timestamp":"2025-11-17T01:29:17.869373Z","level":"info","event":"(Re-)joining group consumer_group","logger":"kafka.coordinator","filename":"base.py","lineno":532}
{"timestamp":"2025-11-17T01:29:17.883849Z","level":"warning","event":"Marking the coordinator dead (node coordinator-1) for group consumer_group: [Error 16] NotCoordinatorError.","logger":"kafka.coordinator","filename":"base.py","lineno":810}
{"timestamp":"2025-11-17T01:29:17.884181Z","level":"info","event":"Attempt to join group consumer_group failed due to obsolete coordinator information: NotCoordinatorError","logger":"kafka.coordinator","filename":"base.py","lineno":618}
{"timestamp":"2025-11-17T01:29:17.884417Z","level":"info","event":"Failed to join group consumer_group: [Error 16] NotCoordinatorError","logger":"kafka.coordinator","filename":"base.py","lineno":419}
{"timestamp":"2025-11-17T01:29:17.990059Z","level":"info","event":"Coordinator for group/consumer_group is BrokerMetadata(nodeId='coordinator-1', host='kafka', port=9092, rack=None)","logger":"kafka.cluster","filename":"cluster.py","lineno":401}
{"timestamp":"2025-11-17T01:29:17.990401Z","level":"info","event":"Discovered coordinator coordinator-1 for group consumer_group","logger":"kafka.coordinator","filename":"base.py","lineno":788}
{"timestamp":"2025-11-17T01:29:17.990679Z","level":"info","event":"(Re-)joining group consumer_group","logger":"kafka.coordinator","filename":"base.py","lineno":532}
{"timestamp":"2025-11-17T01:29:17.994197Z","level":"warning","event":"Marking the coordinator dead (node coordinator-1) for group consumer_group: [Error 16] NotCoordinatorError.","logger":"kafka.coordinator","filename":"base.py","lineno":810}
{"timestamp":"2025-11-17T01:29:17.994574Z","level":"info","event":"Attempt to join group consumer_group failed due to obsolete coordinator information: NotCoordinatorError","logger":"kafka.coordinator","filename":"base.py","lineno":618}
{"timestamp":"2025-11-17T01:29:17.994792Z","level":"info","event":"Failed to join group consumer_group: [Error 16] NotCoordinatorError","logger":"kafka.coordinator","filename":"base.py","lineno":419}
{"timestamp":"2025-11-17T01:29:18.102100Z","level":"info","event":"Coordinator for group/consumer_group is BrokerMetadata(nodeId='coordinator-1', host='kafka', port=9092, rack=None)","logger":"kafka.cluster","filename":"cluster.py","lineno":401}
{"timestamp":"2025-11-17T01:29:18.102443Z","level":"info","event":"Discovered coordinator coordinator-1 for group consumer_group","logger":"kafka.coordinator","filename":"base.py","lineno":788}
{"timestamp":"2025-11-17T01:29:18.102783Z","level":"info","event":"(Re-)joining group consumer_group","logger":"kafka.coordinator","filename":"base.py","lineno":532}
{"timestamp":"2025-11-17T01:29:18.107578Z","level":"warning","event":"Marking the coordinator dead (node coordinator-1) for group consumer_group: [Error 16] NotCoordinatorError.","logger":"kafka.coordinator","filename":"base.py","lineno":810}
{"timestamp":"2025-11-17T01:29:18.107898Z","level":"info","event":"Attempt to join group consumer_group failed due to obsolete coordinator information: NotCoordinatorError","logger":"kafka.coordinator","filename":"base.py","lineno":618}
{"timestamp":"2025-11-17T01:29:18.108166Z","level":"info","event":"Failed to join group consumer_group: [Error 16] NotCoordinatorError","logger":"kafka.coordinator","filename":"base.py","lineno":419}
{"timestamp":"2025-11-17T01:29:18.213344Z","level":"info","event":"Coordinator for group/consumer_group is BrokerMetadata(nodeId='coordinator-1', host='kafka', port=9092, rack=None)","logger":"kafka.cluster","filename":"cluster.py","lineno":401}
{"timestamp":"2025-11-17T01:29:18.213730Z","level":"info","event":"Discovered coordinator coordinator-1 for group consumer_group","logger":"kafka.coordinator","filename":"base.py","lineno":788}
{"timestamp":"2025-11-17T01:29:18.214126Z","level":"info","event":"(Re-)joining group consumer_group","logger":"kafka.coordinator","filename":"base.py","lineno":532}
{"timestamp":"2025-11-17T01:29:18.217066Z","level":"warning","event":"Marking the coordinator dead (node coordinator-1) for group consumer_group: [Error 16] NotCoordinatorError.","logger":"kafka.coordinator","filename":"base.py","lineno":810}
{"timestamp":"2025-11-17T01:29:18.218750Z","level":"info","event":"Attempt to join group consumer_group failed due to obsolete coordinator information: NotCoordinatorError","logger":"kafka.coordinator","filename":"base.py","lineno":618}
{"timestamp":"2025-11-17T01:29:18.219473Z","level":"info","event":"Failed to join group consumer_group: [Error 16] NotCoordinatorError","logger":"kafka.coordinator","filename":"base.py","lineno":419}
{"timestamp":"2025-11-17T01:29:18.322459Z","level":"info","event":"Coordinator for group/consumer_group is BrokerMetadata(nodeId='coordinator-1', host='kafka', port=9092, rack=None)","logger":"kafka.cluster","filename":"cluster.py","lineno":401}
{"timestamp":"2025-11-17T01:29:18.322853Z","level":"info","event":"Discovered coordinator coordinator-1 for group consumer_group","logger":"kafka.coordinator","filename":"base.py","lineno":788}
{"timestamp":"2025-11-17T01:29:18.323188Z","level":"info","event":"(Re-)joining group consumer_group","logger":"kafka.coordinator","filename":"base.py","lineno":532}
{"timestamp":"2025-11-17T01:29:18.326442Z","level":"warning","event":"Marking the coordinator dead (node coordinator-1) for group consumer_group: [Error 16] NotCoordinatorError.","logger":"kafka.coordinator","filename":"base.py","lineno":810}
{"timestamp":"2025-11-17T01:29:18.326810Z","level":"info","event":"Attempt to join group consumer_group failed due to obsolete coordinator information: NotCoordinatorError","logger":"kafka.coordinator","filename":"base.py","lineno":618}
{"timestamp":"2025-11-17T01:29:18.327013Z","level":"info","event":"Failed to join group consumer_group: [Error 16] NotCoordinatorError","logger":"kafka.coordinator","filename":"base.py","lineno":419}
{"timestamp":"2025-11-17T01:29:18.430421Z","level":"info","event":"Coordinator for group/consumer_group is BrokerMetadata(nodeId='coordinator-1', host='kafka', port=9092, rack=None)","logger":"kafka.cluster","filename":"cluster.py","lineno":401}
{"timestamp":"2025-11-17T01:29:18.430830Z","level":"info","event":"Discovered coordinator coordinator-1 for group consumer_group","logger":"kafka.coordinator","filename":"base.py","lineno":788}
{"timestamp":"2025-11-17T01:29:18.431090Z","level":"info","event":"(Re-)joining group consumer_group","logger":"kafka.coordinator","filename":"base.py","lineno":532}
{"timestamp":"2025-11-17T01:29:18.433601Z","level":"warning","event":"Marking the coordinator dead (node coordinator-1) for group consumer_group: [Error 16] NotCoordinatorError.","logger":"kafka.coordinator","filename":"base.py","lineno":810}
{"timestamp":"2025-11-17T01:29:18.434059Z","level":"info","event":"Attempt to join group consumer_group failed due to obsolete coordinator information: NotCoordinatorError","logger":"kafka.coordinator","filename":"base.py","lineno":618}
{"timestamp":"2025-11-17T01:29:18.434352Z","level":"info","event":"Failed to join group consumer_group: [Error 16] NotCoordinatorError","logger":"kafka.coordinator","filename":"base.py","lineno":419}
{"timestamp":"2025-11-17T01:29:18.537373Z","level":"info","event":"Coordinator for group/consumer_group is BrokerMetadata(nodeId='coordinator-1', host='kafka', port=9092, rack=None)","logger":"kafka.cluster","filename":"cluster.py","lineno":401}
{"timestamp":"2025-11-17T01:29:18.537725Z","level":"info","event":"Discovered coordinator coordinator-1 for group consumer_group","logger":"kafka.coordinator","filename":"base.py","lineno":788}
{"timestamp":"2025-11-17T01:29:18.538452Z","level":"info","event":"(Re-)joining group consumer_group","logger":"kafka.coordinator","filename":"base.py","lineno":532}
{"timestamp":"2025-11-17T01:29:18.541159Z","level":"warning","event":"Marking the coordinator dead (node coordinator-1) for group consumer_group: [Error 16] NotCoordinatorError.","logger":"kafka.coordinator","filename":"base.py","lineno":810}
{"timestamp":"2025-11-17T01:29:18.541416Z","level":"info","event":"Attempt to join group consumer_group failed due to obsolete coordinator information: NotCoordinatorError","logger":"kafka.coordinator","filename":"base.py","lineno":618}
{"timestamp":"2025-11-17T01:29:18.541703Z","level":"info","event":"Failed to join group consumer_group: [Error 16] NotCoordinatorError","logger":"kafka.coordinator","filename":"base.py","lineno":419}
{"timestamp":"2025-11-17T01:29:18.644771Z","level":"info","event":"Coordinator for group/consumer_group is BrokerMetadata(nodeId='coordinator-1', host='kafka', port=9092, rack=None)","logger":"kafka.cluster","filename":"cluster.py","lineno":401}
{"timestamp":"2025-11-17T01:29:18.645117Z","level":"info","event":"Discovered coordinator coordinator-1 for group consumer_group","logger":"kafka.coordinator","filename":"base.py","lineno":788}
{"timestamp":"2025-11-17T01:29:18.645392Z","level":"info","event":"(Re-)joining group consumer_group","logger":"kafka.coordinator","filename":"base.py","lineno":532}
{"timestamp":"2025-11-17T01:29:18.647812Z","level":"warning","event":"Marking the coordinator dead (node coordinator-1) for group consumer_group: [Error 16] NotCoordinatorError.","logger":"kafka.coordinator","filename":"base.py","lineno":810}
{"timestamp":"2025-11-17T01:29:18.648099Z","level":"info","event":"Attempt to join group consumer_group failed due to obsolete coordinator information: NotCoordinatorError","logger":"kafka.coordinator","filename":"base.py","lineno":618}
{"timestamp":"2025-11-17T01:29:18.648250Z","level":"info","event":"Failed to join group consumer_group: [Error 16] NotCoordinatorError","logger":"kafka.coordinator","filename":"base.py","lineno":419}
{"timestamp":"2025-11-17T01:29:18.750880Z","level":"info","event":"Coordinator for group/consumer_group is BrokerMetadata(nodeId='coordinator-1', host='kafka', port=9092, rack=None)","logger":"kafka.cluster","filename":"cluster.py","lineno":401}
{"timestamp":"2025-11-17T01:29:18.751334Z","level":"info","event":"Discovered coordinator coordinator-1 for group consumer_group","logger":"kafka.coordinator","filename":"base.py","lineno":788}
{"timestamp":"2025-11-17T01:29:18.751689Z","level":"info","event":"(Re-)joining group consumer_group","logger":"kafka.coordinator","filename":"base.py","lineno":532}
{"timestamp":"2025-11-17T01:29:18.755204Z","level":"warning","event":"Marking the coordinator dead (node coordinator-1) for group consumer_group: [Error 16] NotCoordinatorError.","logger":"kafka.coordinator","filename":"base.py","lineno":810}
{"timestamp":"2025-11-17T01:29:18.755638Z","level":"info","event":"Attempt to join group consumer_group failed due to obsolete coordinator information: NotCoordinatorError","logger":"kafka.coordinator","filename":"base.py","lineno":618}
{"timestamp":"2025-11-17T01:29:18.755997Z","level":"info","event":"Failed to join group consumer_group: [Error 16] NotCoordinatorError","logger":"kafka.coordinator","filename":"base.py","lineno":419}
{"timestamp":"2025-11-17T01:29:18.859723Z","level":"info","event":"Coordinator for group/consumer_group is BrokerMetadata(nodeId='coordinator-1', host='kafka', port=9092, rack=None)","logger":"kafka.cluster","filename":"cluster.py","lineno":401}
{"timestamp":"2025-11-17T01:29:18.860069Z","level":"info","event":"Discovered coordinator coordinator-1 for group consumer_group","logger":"kafka.coordinator","filename":"base.py","lineno":788}
{"timestamp":"2025-11-17T01:29:18.860328Z","level":"info","event":"(Re-)joining group consumer_group","logger":"kafka.coordinator","filename":"base.py","lineno":532}
{"timestamp":"2025-11-17T01:29:18.863945Z","level":"warning","event":"Marking the coordinator dead (node coordinator-1) for group consumer_group: [Error 16] NotCoordinatorError.","logger":"kafka.coordinator","filename":"base.py","lineno":810}
{"timestamp":"2025-11-17T01:29:18.864273Z","level":"info","event":"Attempt to join group consumer_group failed due to obsolete coordinator information: NotCoordinatorError","logger":"kafka.coordinator","filename":"base.py","lineno":618}
{"timestamp":"2025-11-17T01:29:18.864548Z","level":"info","event":"Failed to join group consumer_group: [Error 16] NotCoordinatorError","logger":"kafka.coordinator","filename":"base.py","lineno":419}
{"timestamp":"2025-11-17T01:29:18.968135Z","level":"info","event":"Coordinator for group/consumer_group is BrokerMetadata(nodeId='coordinator-1', host='kafka', port=9092, rack=None)","logger":"kafka.cluster","filename":"cluster.py","lineno":401}
{"timestamp":"2025-11-17T01:29:18.968529Z","level":"info","event":"Discovered coordinator coordinator-1 for group consumer_group","logger":"kafka.coordinator","filename":"base.py","lineno":788}
{"timestamp":"2025-11-17T01:29:18.968786Z","level":"info","event":"(Re-)joining group consumer_group","logger":"kafka.coordinator","filename":"base.py","lineno":532}
{"timestamp":"2025-11-17T01:29:18.971804Z","level":"warning","event":"Marking the coordinator dead (node coordinator-1) for group consumer_group: [Error 16] NotCoordinatorError.","logger":"kafka.coordinator","filename":"base.py","lineno":810}
{"timestamp":"2025-11-17T01:29:18.972052Z","level":"info","event":"Attempt to join group consumer_group failed due to obsolete coordinator information: NotCoordinatorError","logger":"kafka.coordinator","filename":"base.py","lineno":618}
{"timestamp":"2025-11-17T01:29:18.972252Z","level":"info","event":"Failed to join group consumer_group: [Error 16] NotCoordinatorError","logger":"kafka.coordinator","filename":"base.py","lineno":419}
{"timestamp":"2025-11-17T01:29:19.075744Z","level":"info","event":"Coordinator for group/consumer_group is BrokerMetadata(nodeId='coordinator-1', host='kafka', port=9092, rack=None)","logger":"kafka.cluster","filename":"cluster.py","lineno":401}
{"timestamp":"2025-11-17T01:29:19.076159Z","level":"info","event":"Discovered coordinator coordinator-1 for group consumer_group","logger":"kafka.coordinator","filename":"base.py","lineno":788}
{"timestamp":"2025-11-17T01:29:19.076602Z","level":"info","event":"(Re-)joining group consumer_group","logger":"kafka.coordinator","filename":"base.py","lineno":532}
{"timestamp":"2025-11-17T01:29:19.081146Z","level":"warning","event":"Marking the coordinator dead (node coordinator-1) for group consumer_group: [Error 16] NotCoordinatorError.","logger":"kafka.coordinator","filename":"base.py","lineno":810}
{"timestamp":"2025-11-17T01:29:19.081683Z","level":"info","event":"Attempt to join group consumer_group failed due to obsolete coordinator information: NotCoordinatorError","logger":"kafka.coordinator","filename":"base.py","lineno":618}
{"timestamp":"2025-11-17T01:29:19.082007Z","level":"info","event":"Failed to join group consumer_group: [Error 16] NotCoordinatorError","logger":"kafka.coordinator","filename":"base.py","lineno":419}
{"timestamp":"2025-11-17T01:29:19.185406Z","level":"info","event":"Coordinator for group/consumer_group is BrokerMetadata(nodeId='coordinator-1', host='kafka', port=9092, rack=None)","logger":"kafka.cluster","filename":"cluster.py","lineno":401}
{"timestamp":"2025-11-17T01:29:19.185673Z","level":"info","event":"Discovered coordinator coordinator-1 for group consumer_group","logger":"kafka.coordinator","filename":"base.py","lineno":788}
{"timestamp":"2025-11-17T01:29:19.186086Z","level":"info","event":"(Re-)joining group consumer_group","logger":"kafka.coordinator","filename":"base.py","lineno":532}
{"timestamp":"2025-11-17T01:29:19.188898Z","level":"warning","event":"Marking the coordinator dead (node coordinator-1) for group consumer_group: [Error 16] NotCoordinatorError.","logger":"kafka.coordinator","filename":"base.py","lineno":810}
{"timestamp":"2025-11-17T01:29:19.189312Z","level":"info","event":"Attempt to join group consumer_group failed due to obsolete coordinator information: NotCoordinatorError","logger":"kafka.coordinator","filename":"base.py","lineno":618}
{"timestamp":"2025-11-17T01:29:19.189595Z","level":"info","event":"Failed to join group consumer_group: [Error 16] NotCoordinatorError","logger":"kafka.coordinator","filename":"base.py","lineno":419}
{"timestamp":"2025-11-17T01:29:19.293188Z","level":"info","event":"Coordinator for group/consumer_group is BrokerMetadata(nodeId='coordinator-1', host='kafka', port=9092, rack=None)","logger":"kafka.cluster","filename":"cluster.py","lineno":401}
{"timestamp":"2025-11-17T01:29:19.293507Z","level":"info","event":"Discovered coordinator coordinator-1 for group consumer_group","logger":"kafka.coordinator","filename":"base.py","lineno":788}
{"timestamp":"2025-11-17T01:29:19.293755Z","level":"info","event":"(Re-)joining group consumer_group","logger":"kafka.coordinator","filename":"base.py","lineno":532}
{"timestamp":"2025-11-17T01:29:19.295915Z","level":"warning","event":"Marking the coordinator dead (node coordinator-1) for group consumer_group: [Error 16] NotCoordinatorError.","logger":"kafka.coordinator","filename":"base.py","lineno":810}
{"timestamp":"2025-11-17T01:29:19.296195Z","level":"info","event":"Attempt to join group consumer_group failed due to obsolete coordinator information: NotCoordinatorError","logger":"kafka.coordinator","filename":"base.py","lineno":618}
{"timestamp":"2025-11-17T01:29:19.296342Z","level":"info","event":"Failed to join group consumer_group: [Error 16] NotCoordinatorError","logger":"kafka.coordinator","filename":"base.py","lineno":419}
{"timestamp":"2025-11-17T01:29:19.398892Z","level":"info","event":"Coordinator for group/consumer_group is BrokerMetadata(nodeId='coordinator-1', host='kafka', port=9092, rack=None)","logger":"kafka.cluster","filename":"cluster.py","lineno":401}
{"timestamp":"2025-11-17T01:29:19.399191Z","level":"info","event":"Discovered coordinator coordinator-1 for group consumer_group","logger":"kafka.coordinator","filename":"base.py","lineno":788}
{"timestamp":"2025-11-17T01:29:19.399408Z","level":"info","event":"(Re-)joining group consumer_group","logger":"kafka.coordinator","filename":"base.py","lineno":532}
{"timestamp":"2025-11-17T01:29:19.401488Z","level":"warning","event":"Marking the coordinator dead (node coordinator-1) for group consumer_group: [Error 16] NotCoordinatorError.","logger":"kafka.coordinator","filename":"base.py","lineno":810}
{"timestamp":"2025-11-17T01:29:19.401805Z","level":"info","event":"Attempt to join group consumer_group failed due to obsolete coordinator information: NotCoordinatorError","logger":"kafka.coordinator","filename":"base.py","lineno":618}
{"timestamp":"2025-11-17T01:29:19.402087Z","level":"info","event":"Failed to join group consumer_group: [Error 16] NotCoordinatorError","logger":"kafka.coordinator","filename":"base.py","lineno":419}
{"timestamp":"2025-11-17T01:29:19.506241Z","level":"info","event":"Coordinator for group/consumer_group is BrokerMetadata(nodeId='coordinator-1', host='kafka', port=9092, rack=None)","logger":"kafka.cluster","filename":"cluster.py","lineno":401}
{"timestamp":"2025-11-17T01:29:19.506657Z","level":"info","event":"Discovered coordinator coordinator-1 for group consumer_group","logger":"kafka.coordinator","filename":"base.py","lineno":788}
{"timestamp":"2025-11-17T01:29:19.506999Z","level":"info","event":"(Re-)joining group consumer_group","logger":"kafka.coordinator","filename":"base.py","lineno":532}
{"timestamp":"2025-11-17T01:29:19.509755Z","level":"warning","event":"Marking the coordinator dead (node coordinator-1) for group consumer_group: [Error 16] NotCoordinatorError.","logger":"kafka.coordinator","filename":"base.py","lineno":810}
{"timestamp":"2025-11-17T01:29:19.510162Z","level":"info","event":"Attempt to join group consumer_group failed due to obsolete coordinator information: NotCoordinatorError","logger":"kafka.coordinator","filename":"base.py","lineno":618}
{"timestamp":"2025-11-17T01:29:19.510418Z","level":"info","event":"Failed to join group consumer_group: [Error 16] NotCoordinatorError","logger":"kafka.coordinator","filename":"base.py","lineno":419}
{"timestamp":"2025-11-17T01:29:19.614209Z","level":"info","event":"Coordinator for group/consumer_group is BrokerMetadata(nodeId='coordinator-1', host='kafka', port=9092, rack=None)","logger":"kafka.cluster","filename":"cluster.py","lineno":401}
{"timestamp":"2025-11-17T01:29:19.614563Z","level":"info","event":"Discovered coordinator coordinator-1 for group consumer_group","logger":"kafka.coordinator","filename":"base.py","lineno":788}
{"timestamp":"2025-11-17T01:29:19.614820Z","level":"info","event":"(Re-)joining group consumer_group","logger":"kafka.coordinator","filename":"base.py","lineno":532}
{"timestamp":"2025-11-17T01:29:19.617997Z","level":"warning","event":"Marking the coordinator dead (node coordinator-1) for group consumer_group: [Error 16] NotCoordinatorError.","logger":"kafka.coordinator","filename":"base.py","lineno":810}
{"timestamp":"2025-11-17T01:29:19.618384Z","level":"info","event":"Attempt to join group consumer_group failed due to obsolete coordinator information: NotCoordinatorError","logger":"kafka.coordinator","filename":"base.py","lineno":618}
{"timestamp":"2025-11-17T01:29:19.618608Z","level":"info","event":"Failed to join group consumer_group: [Error 16] NotCoordinatorError","logger":"kafka.coordinator","filename":"base.py","lineno":419}
{"timestamp":"2025-11-17T01:29:19.721515Z","level":"info","event":"Coordinator for group/consumer_group is BrokerMetadata(nodeId='coordinator-1', host='kafka', port=9092, rack=None)","logger":"kafka.cluster","filename":"cluster.py","lineno":401}
{"timestamp":"2025-11-17T01:29:19.721799Z","level":"info","event":"Discovered coordinator coordinator-1 for group consumer_group","logger":"kafka.coordinator","filename":"base.py","lineno":788}
{"timestamp":"2025-11-17T01:29:19.722208Z","level":"info","event":"(Re-)joining group consumer_group","logger":"kafka.coordinator","filename":"base.py","lineno":532}
{"timestamp":"2025-11-17T01:29:19.724601Z","level":"warning","event":"Marking the coordinator dead (node coordinator-1) for group consumer_group: [Error 16] NotCoordinatorError.","logger":"kafka.coordinator","filename":"base.py","lineno":810}
{"timestamp":"2025-11-17T01:29:19.724872Z","level":"info","event":"Attempt to join group consumer_group failed due to obsolete coordinator information: NotCoordinatorError","logger":"kafka.coordinator","filename":"base.py","lineno":618}
{"timestamp":"2025-11-17T01:29:19.725105Z","level":"info","event":"Failed to join group consumer_group: [Error 16] NotCoordinatorError","logger":"kafka.coordinator","filename":"base.py","lineno":419}
{"timestamp":"2025-11-17T01:29:19.828093Z","level":"info","event":"Coordinator for group/consumer_group is BrokerMetadata(nodeId='coordinator-1', host='kafka', port=9092, rack=None)","logger":"kafka.cluster","filename":"cluster.py","lineno":401}
{"timestamp":"2025-11-17T01:29:19.828400Z","level":"info","event":"Discovered coordinator coordinator-1 for group consumer_group","logger":"kafka.coordinator","filename":"base.py","lineno":788}
{"timestamp":"2025-11-17T01:29:19.828731Z","level":"info","event":"(Re-)joining group consumer_group","logger":"kafka.coordinator","filename":"base.py","lineno":532}
{"timestamp":"2025-11-17T01:29:19.831171Z","level":"warning","event":"Marking the coordinator dead (node coordinator-1) for group consumer_group: [Error 16] NotCoordinatorError.","logger":"kafka.coordinator","filename":"base.py","lineno":810}
{"timestamp":"2025-11-17T01:29:19.831562Z","level":"info","event":"Attempt to join group consumer_group failed due to obsolete coordinator information: NotCoordinatorError","logger":"kafka.coordinator","filename":"base.py","lineno":618}
{"timestamp":"2025-11-17T01:29:19.831823Z","level":"info","event":"Failed to join group consumer_group: [Error 16] NotCoordinatorError","logger":"kafka.coordinator","filename":"base.py","lineno":419}
{"timestamp":"2025-11-17T01:29:19.935986Z","level":"info","event":"Coordinator for group/consumer_group is BrokerMetadata(nodeId='coordinator-1', host='kafka', port=9092, rack=None)","logger":"kafka.cluster","filename":"cluster.py","lineno":401}
{"timestamp":"2025-11-17T01:29:19.936355Z","level":"info","event":"Discovered coordinator coordinator-1 for group consumer_group","logger":"kafka.coordinator","filename":"base.py","lineno":788}
{"timestamp":"2025-11-17T01:29:19.936706Z","level":"info","event":"(Re-)joining group consumer_group","logger":"kafka.coordinator","filename":"base.py","lineno":532}
{"timestamp":"2025-11-17T01:29:19.939969Z","level":"warning","event":"Marking the coordinator dead (node coordinator-1) for group consumer_group: [Error 16] NotCoordinatorError.","logger":"kafka.coordinator","filename":"base.py","lineno":810}
{"timestamp":"2025-11-17T01:29:19.940315Z","level":"info","event":"Attempt to join group consumer_group failed due to obsolete coordinator information: NotCoordinatorError","logger":"kafka.coordinator","filename":"base.py","lineno":618}
{"timestamp":"2025-11-17T01:29:19.940557Z","level":"info","event":"Failed to join group consumer_group: [Error 16] NotCoordinatorError","logger":"kafka.coordinator","filename":"base.py","lineno":419}
{"timestamp":"2025-11-17T01:29:20.043711Z","level":"info","event":"Coordinator for group/consumer_group is BrokerMetadata(nodeId='coordinator-1', host='kafka', port=9092, rack=None)","logger":"kafka.cluster","filename":"cluster.py","lineno":401}
{"timestamp":"2025-11-17T01:29:20.044026Z","level":"info","event":"Discovered coordinator coordinator-1 for group consumer_group","logger":"kafka.coordinator","filename":"base.py","lineno":788}
{"timestamp":"2025-11-17T01:29:20.044510Z","level":"info","event":"(Re-)joining group consumer_group","logger":"kafka.coordinator","filename":"base.py","lineno":532}
{"timestamp":"2025-11-17T01:29:20.047007Z","level":"warning","event":"Marking the coordinator dead (node coordinator-1) for group consumer_group: [Error 16] NotCoordinatorError.","logger":"kafka.coordinator","filename":"base.py","lineno":810}
{"timestamp":"2025-11-17T01:29:20.047262Z","level":"info","event":"Attempt to join group consumer_group failed due to obsolete coordinator information: NotCoordinatorError","logger":"kafka.coordinator","filename":"base.py","lineno":618}
{"timestamp":"2025-11-17T01:29:20.047408Z","level":"info","event":"Failed to join group consumer_group: [Error 16] NotCoordinatorError","logger":"kafka.coordinator","filename":"base.py","lineno":419}
{"timestamp":"2025-11-17T01:29:20.150525Z","level":"info","event":"Coordinator for group/consumer_group is BrokerMetadata(nodeId='coordinator-1', host='kafka', port=9092, rack=None)","logger":"kafka.cluster","filename":"cluster.py","lineno":401}
{"timestamp":"2025-11-17T01:29:20.150833Z","level":"info","event":"Discovered coordinator coordinator-1 for group consumer_group","logger":"kafka.coordinator","filename":"base.py","lineno":788}
{"timestamp":"2025-11-17T01:29:20.151037Z","level":"info","event":"(Re-)joining group consumer_group","logger":"kafka.coordinator","filename":"base.py","lineno":532}
{"timestamp":"2025-11-17T01:29:20.153426Z","level":"warning","event":"Marking the coordinator dead (node coordinator-1) for group consumer_group: [Error 16] NotCoordinatorError.","logger":"kafka.coordinator","filename":"base.py","lineno":810}
{"timestamp":"2025-11-17T01:29:20.153864Z","level":"info","event":"Attempt to join group consumer_group failed due to obsolete coordinator information: NotCoordinatorError","logger":"kafka.coordinator","filename":"base.py","lineno":618}
{"timestamp":"2025-11-17T01:29:20.154188Z","level":"info","event":"Failed to join group consumer_group: [Error 16] NotCoordinatorError","logger":"kafka.coordinator","filename":"base.py","lineno":419}
{"timestamp":"2025-11-17T01:29:20.258001Z","level":"info","event":"Coordinator for group/consumer_group is BrokerMetadata(nodeId='coordinator-1', host='kafka', port=9092, rack=None)","logger":"kafka.cluster","filename":"cluster.py","lineno":401}
{"timestamp":"2025-11-17T01:29:20.258298Z","level":"info","event":"Discovered coordinator coordinator-1 for group consumer_group","logger":"kafka.coordinator","filename":"base.py","lineno":788}
{"timestamp":"2025-11-17T01:29:20.258577Z","level":"info","event":"(Re-)joining group consumer_group","logger":"kafka.coordinator","filename":"base.py","lineno":532}
{"timestamp":"2025-11-17T01:29:20.262915Z","level":"warning","event":"Marking the coordinator dead (node coordinator-1) for group consumer_group: [Error 16] NotCoordinatorError.","logger":"kafka.coordinator","filename":"base.py","lineno":810}
{"timestamp":"2025-11-17T01:29:20.263292Z","level":"info","event":"Attempt to join group consumer_group failed due to obsolete coordinator information: NotCoordinatorError","logger":"kafka.coordinator","filename":"base.py","lineno":618}
{"timestamp":"2025-11-17T01:29:20.263543Z","level":"info","event":"Failed to join group consumer_group: [Error 16] NotCoordinatorError","logger":"kafka.coordinator","filename":"base.py","lineno":419}
{"timestamp":"2025-11-17T01:29:20.367859Z","level":"info","event":"Coordinator for group/consumer_group is BrokerMetadata(nodeId='coordinator-1', host='kafka', port=9092, rack=None)","logger":"kafka.cluster","filename":"cluster.py","lineno":401}
{"timestamp":"2025-11-17T01:29:20.368192Z","level":"info","event":"Discovered coordinator coordinator-1 for group consumer_group","logger":"kafka.coordinator","filename":"base.py","lineno":788}
{"timestamp":"2025-11-17T01:29:20.368597Z","level":"info","event":"(Re-)joining group consumer_group","logger":"kafka.coordinator","filename":"base.py","lineno":532}
{"timestamp":"2025-11-17T01:29:20.371618Z","level":"warning","event":"Marking the coordinator dead (node coordinator-1) for group consumer_group: [Error 16] NotCoordinatorError.","logger":"kafka.coordinator","filename":"base.py","lineno":810}
{"timestamp":"2025-11-17T01:29:20.372328Z","level":"info","event":"Attempt to join group consumer_group failed due to obsolete coordinator information: NotCoordinatorError","logger":"kafka.coordinator","filename":"base.py","lineno":618}
{"timestamp":"2025-11-17T01:29:20.372625Z","level":"info","event":"Failed to join group consumer_group: [Error 16] NotCoordinatorError","logger":"kafka.coordinator","filename":"base.py","lineno":419}
{"timestamp":"2025-11-17T01:29:20.476320Z","level":"info","event":"Coordinator for group/consumer_group is BrokerMetadata(nodeId='coordinator-1', host='kafka', port=9092, rack=None)","logger":"kafka.cluster","filename":"cluster.py","lineno":401}
{"timestamp":"2025-11-17T01:29:20.476680Z","level":"info","event":"Discovered coordinator coordinator-1 for group consumer_group","logger":"kafka.coordinator","filename":"base.py","lineno":788}
{"timestamp":"2025-11-17T01:29:20.477017Z","level":"info","event":"(Re-)joining group consumer_group","logger":"kafka.coordinator","filename":"base.py","lineno":532}
{"timestamp":"2025-11-17T01:29:20.479101Z","level":"warning","event":"Marking the coordinator dead (node coordinator-1) for group consumer_group: [Error 16] NotCoordinatorError.","logger":"kafka.coordinator","filename":"base.py","lineno":810}
{"timestamp":"2025-11-17T01:29:20.479344Z","level":"info","event":"Attempt to join group consumer_group failed due to obsolete coordinator information: NotCoordinatorError","logger":"kafka.coordinator","filename":"base.py","lineno":618}
{"timestamp":"2025-11-17T01:29:20.479491Z","level":"info","event":"Failed to join group consumer_group: [Error 16] NotCoordinatorError","logger":"kafka.coordinator","filename":"base.py","lineno":419}
{"timestamp":"2025-11-17T01:29:20.582022Z","level":"info","event":"Coordinator for group/consumer_group is BrokerMetadata(nodeId='coordinator-1', host='kafka', port=9092, rack=None)","logger":"kafka.cluster","filename":"cluster.py","lineno":401}
{"timestamp":"2025-11-17T01:29:20.582316Z","level":"info","event":"Discovered coordinator coordinator-1 for group consumer_group","logger":"kafka.coordinator","filename":"base.py","lineno":788}
{"timestamp":"2025-11-17T01:29:20.582509Z","level":"info","event":"(Re-)joining group consumer_group","logger":"kafka.coordinator","filename":"base.py","lineno":532}
{"timestamp":"2025-11-17T01:29:20.584577Z","level":"warning","event":"Marking the coordinator dead (node coordinator-1) for group consumer_group: [Error 16] NotCoordinatorError.","logger":"kafka.coordinator","filename":"base.py","lineno":810}
{"timestamp":"2025-11-17T01:29:20.584932Z","level":"info","event":"Attempt to join group consumer_group failed due to obsolete coordinator information: NotCoordinatorError","logger":"kafka.coordinator","filename":"base.py","lineno":618}
{"timestamp":"2025-11-17T01:29:20.585180Z","level":"info","event":"Failed to join group consumer_group: [Error 16] NotCoordinatorError","logger":"kafka.coordinator","filename":"base.py","lineno":419}
{"timestamp":"2025-11-17T01:29:20.689028Z","level":"info","event":"Coordinator for group/consumer_group is BrokerMetadata(nodeId='coordinator-1', host='kafka', port=9092, rack=None)","logger":"kafka.cluster","filename":"cluster.py","lineno":401}
{"timestamp":"2025-11-17T01:29:20.689371Z","level":"info","event":"Discovered coordinator coordinator-1 for group consumer_group","logger":"kafka.coordinator","filename":"base.py","lineno":788}
{"timestamp":"2025-11-17T01:29:20.689734Z","level":"info","event":"(Re-)joining group consumer_group","logger":"kafka.coordinator","filename":"base.py","lineno":532}
{"timestamp":"2025-11-17T01:29:20.692067Z","level":"warning","event":"Marking the coordinator dead (node coordinator-1) for group consumer_group: [Error 16] NotCoordinatorError.","logger":"kafka.coordinator","filename":"base.py","lineno":810}
{"timestamp":"2025-11-17T01:29:20.692382Z","level":"info","event":"Attempt to join group consumer_group failed due to obsolete coordinator information: NotCoordinatorError","logger":"kafka.coordinator","filename":"base.py","lineno":618}
{"timestamp":"2025-11-17T01:29:20.692630Z","level":"info","event":"Failed to join group consumer_group: [Error 16] NotCoordinatorError","logger":"kafka.coordinator","filename":"base.py","lineno":419}
{"timestamp":"2025-11-17T01:29:20.796076Z","level":"info","event":"Coordinator for group/consumer_group is BrokerMetadata(nodeId='coordinator-1', host='kafka', port=9092, rack=None)","logger":"kafka.cluster","filename":"cluster.py","lineno":401}
{"timestamp":"2025-11-17T01:29:20.796510Z","level":"info","event":"Discovered coordinator coordinator-1 for group consumer_group","logger":"kafka.coordinator","filename":"base.py","lineno":788}
{"timestamp":"2025-11-17T01:29:20.796779Z","level":"info","event":"(Re-)joining group consumer_group","logger":"kafka.coordinator","filename":"base.py","lineno":532}
{"timestamp":"2025-11-17T01:29:20.801288Z","level":"warning","event":"Marking the coordinator dead (node coordinator-1) for group consumer_group: [Error 16] NotCoordinatorError.","logger":"kafka.coordinator","filename":"base.py","lineno":810}
{"timestamp":"2025-11-17T01:29:20.801549Z","level":"info","event":"Attempt to join group consumer_group failed due to obsolete coordinator information: NotCoordinatorError","logger":"kafka.coordinator","filename":"base.py","lineno":618}
{"timestamp":"2025-11-17T01:29:20.801787Z","level":"info","event":"Failed to join group consumer_group: [Error 16] NotCoordinatorError","logger":"kafka.coordinator","filename":"base.py","lineno":419}
{"timestamp":"2025-11-17T01:29:20.905509Z","level":"info","event":"Coordinator for group/consumer_group is BrokerMetadata(nodeId='coordinator-1', host='kafka', port=9092, rack=None)","logger":"kafka.cluster","filename":"cluster.py","lineno":401}
{"timestamp":"2025-11-17T01:29:20.906059Z","level":"info","event":"Discovered coordinator coordinator-1 for group consumer_group","logger":"kafka.coordinator","filename":"base.py","lineno":788}
{"timestamp":"2025-11-17T01:29:20.906337Z","level":"info","event":"(Re-)joining group consumer_group","logger":"kafka.coordinator","filename":"base.py","lineno":532}
{"timestamp":"2025-11-17T01:29:20.909559Z","level":"warning","event":"Marking the coordinator dead (node coordinator-1) for group consumer_group: [Error 16] NotCoordinatorError.","logger":"kafka.coordinator","filename":"base.py","lineno":810}
{"timestamp":"2025-11-17T01:29:20.910019Z","level":"info","event":"Attempt to join group consumer_group failed due to obsolete coordinator information: NotCoordinatorError","logger":"kafka.coordinator","filename":"base.py","lineno":618}
{"timestamp":"2025-11-17T01:29:20.910342Z","level":"info","event":"Failed to join group consumer_group: [Error 16] NotCoordinatorError","logger":"kafka.coordinator","filename":"base.py","lineno":419}
{"timestamp":"2025-11-17T01:29:21.014048Z","level":"info","event":"Coordinator for group/consumer_group is BrokerMetadata(nodeId='coordinator-1', host='kafka', port=9092, rack=None)","logger":"kafka.cluster","filename":"cluster.py","lineno":401}
{"timestamp":"2025-11-17T01:29:21.014440Z","level":"info","event":"Discovered coordinator coordinator-1 for group consumer_group","logger":"kafka.coordinator","filename":"base.py","lineno":788}
{"timestamp":"2025-11-17T01:29:21.014911Z","level":"info","event":"(Re-)joining group consumer_group","logger":"kafka.coordinator","filename":"base.py","lineno":532}
{"timestamp":"2025-11-17T01:29:21.017830Z","level":"warning","event":"Marking the coordinator dead (node coordinator-1) for group consumer_group: [Error 16] NotCoordinatorError.","logger":"kafka.coordinator","filename":"base.py","lineno":810}
{"timestamp":"2025-11-17T01:29:21.018250Z","level":"info","event":"Attempt to join group consumer_group failed due to obsolete coordinator information: NotCoordinatorError","logger":"kafka.coordinator","filename":"base.py","lineno":618}
{"timestamp":"2025-11-17T01:29:21.018485Z","level":"info","event":"Failed to join group consumer_group: [Error 16] NotCoordinatorError","logger":"kafka.coordinator","filename":"base.py","lineno":419}
{"timestamp":"2025-11-17T01:29:21.122051Z","level":"info","event":"Coordinator for group/consumer_group is BrokerMetadata(nodeId='coordinator-1', host='kafka', port=9092, rack=None)","logger":"kafka.cluster","filename":"cluster.py","lineno":401}
{"timestamp":"2025-11-17T01:29:21.122544Z","level":"info","event":"Discovered coordinator coordinator-1 for group consumer_group","logger":"kafka.coordinator","filename":"base.py","lineno":788}
{"timestamp":"2025-11-17T01:29:21.122927Z","level":"info","event":"(Re-)joining group consumer_group","logger":"kafka.coordinator","filename":"base.py","lineno":532}
{"timestamp":"2025-11-17T01:29:21.126368Z","level":"warning","event":"Marking the coordinator dead (node coordinator-1) for group consumer_group: [Error 16] NotCoordinatorError.","logger":"kafka.coordinator","filename":"base.py","lineno":810}
{"timestamp":"2025-11-17T01:29:21.126719Z","level":"info","event":"Attempt to join group consumer_group failed due to obsolete coordinator information: NotCoordinatorError","logger":"kafka.coordinator","filename":"base.py","lineno":618}
{"timestamp":"2025-11-17T01:29:21.126935Z","level":"info","event":"Failed to join group consumer_group: [Error 16] NotCoordinatorError","logger":"kafka.coordinator","filename":"base.py","lineno":419}
{"timestamp":"2025-11-17T01:29:21.230789Z","level":"info","event":"Coordinator for group/consumer_group is BrokerMetadata(nodeId='coordinator-1', host='kafka', port=9092, rack=None)","logger":"kafka.cluster","filename":"cluster.py","lineno":401}
{"timestamp":"2025-11-17T01:29:21.231139Z","level":"info","event":"Discovered coordinator coordinator-1 for group consumer_group","logger":"kafka.coordinator","filename":"base.py","lineno":788}
{"timestamp":"2025-11-17T01:29:21.231404Z","level":"info","event":"(Re-)joining group consumer_group","logger":"kafka.coordinator","filename":"base.py","lineno":532}
{"timestamp":"2025-11-17T01:29:21.234508Z","level":"warning","event":"Marking the coordinator dead (node coordinator-1) for group consumer_group: [Error 16] NotCoordinatorError.","logger":"kafka.coordinator","filename":"base.py","lineno":810}
{"timestamp":"2025-11-17T01:29:21.234810Z","level":"info","event":"Attempt to join group consumer_group failed due to obsolete coordinator information: NotCoordinatorError","logger":"kafka.coordinator","filename":"base.py","lineno":618}
{"timestamp":"2025-11-17T01:29:21.234988Z","level":"info","event":"Failed to join group consumer_group: [Error 16] NotCoordinatorError","logger":"kafka.coordinator","filename":"base.py","lineno":419}
{"timestamp":"2025-11-17T01:29:21.338716Z","level":"info","event":"Coordinator for group/consumer_group is BrokerMetadata(nodeId='coordinator-1', host='kafka', port=9092, rack=None)","logger":"kafka.cluster","filename":"cluster.py","lineno":401}
{"timestamp":"2025-11-17T01:29:21.339178Z","level":"info","event":"Discovered coordinator coordinator-1 for group consumer_group","logger":"kafka.coordinator","filename":"base.py","lineno":788}
{"timestamp":"2025-11-17T01:29:21.339515Z","level":"info","event":"(Re-)joining group consumer_group","logger":"kafka.coordinator","filename":"base.py","lineno":532}
{"timestamp":"2025-11-17T01:29:21.342628Z","level":"warning","event":"Marking the coordinator dead (node coordinator-1) for group consumer_group: [Error 16] NotCoordinatorError.","logger":"kafka.coordinator","filename":"base.py","lineno":810}
{"timestamp":"2025-11-17T01:29:21.342897Z","level":"info","event":"Attempt to join group consumer_group failed due to obsolete coordinator information: NotCoordinatorError","logger":"kafka.coordinator","filename":"base.py","lineno":618}
{"timestamp":"2025-11-17T01:29:21.343067Z","level":"info","event":"Failed to join group consumer_group: [Error 16] NotCoordinatorError","logger":"kafka.coordinator","filename":"base.py","lineno":419}
{"timestamp":"2025-11-17T01:29:21.447168Z","level":"info","event":"Coordinator for group/consumer_group is BrokerMetadata(nodeId='coordinator-1', host='kafka', port=9092, rack=None)","logger":"kafka.cluster","filename":"cluster.py","lineno":401}
{"timestamp":"2025-11-17T01:29:21.447571Z","level":"info","event":"Discovered coordinator coordinator-1 for group consumer_group","logger":"kafka.coordinator","filename":"base.py","lineno":788}
{"timestamp":"2025-11-17T01:29:21.447841Z","level":"info","event":"(Re-)joining group consumer_group","logger":"kafka.coordinator","filename":"base.py","lineno":532}
{"timestamp":"2025-11-17T01:29:21.450853Z","level":"warning","event":"Marking the coordinator dead (node coordinator-1) for group consumer_group: [Error 16] NotCoordinatorError.","logger":"kafka.coordinator","filename":"base.py","lineno":810}
{"timestamp":"2025-11-17T01:29:21.451173Z","level":"info","event":"Attempt to join group consumer_group failed due to obsolete coordinator information: NotCoordinatorError","logger":"kafka.coordinator","filename":"base.py","lineno":618}
{"timestamp":"2025-11-17T01:29:21.451387Z","level":"info","event":"Failed to join group consumer_group: [Error 16] NotCoordinatorError","logger":"kafka.coordinator","filename":"base.py","lineno":419}
{"timestamp":"2025-11-17T01:29:21.555205Z","level":"info","event":"Coordinator for group/consumer_group is BrokerMetadata(nodeId='coordinator-1', host='kafka', port=9092, rack=None)","logger":"kafka.cluster","filename":"cluster.py","lineno":401}
{"timestamp":"2025-11-17T01:29:21.555586Z","level":"info","event":"Discovered coordinator coordinator-1 for group consumer_group","logger":"kafka.coordinator","filename":"base.py","lineno":788}
{"timestamp":"2025-11-17T01:29:21.555844Z","level":"info","event":"(Re-)joining group consumer_group","logger":"kafka.coordinator","filename":"base.py","lineno":532}
{"timestamp":"2025-11-17T01:29:21.558132Z","level":"warning","event":"Marking the coordinator dead (node coordinator-1) for group consumer_group: [Error 16] NotCoordinatorError.","logger":"kafka.coordinator","filename":"base.py","lineno":810}
{"timestamp":"2025-11-17T01:29:21.558375Z","level":"info","event":"Attempt to join group consumer_group failed due to obsolete coordinator information: NotCoordinatorError","logger":"kafka.coordinator","filename":"base.py","lineno":618}
{"timestamp":"2025-11-17T01:29:21.558530Z","level":"info","event":"Failed to join group consumer_group: [Error 16] NotCoordinatorError","logger":"kafka.coordinator","filename":"base.py","lineno":419}
{"timestamp":"2025-11-17T01:29:21.661553Z","level":"info","event":"Coordinator for group/consumer_group is BrokerMetadata(nodeId='coordinator-1', host='kafka', port=9092, rack=None)","logger":"kafka.cluster","filename":"cluster.py","lineno":401}
{"timestamp":"2025-11-17T01:29:21.661993Z","level":"info","event":"Discovered coordinator coordinator-1 for group consumer_group","logger":"kafka.coordinator","filename":"base.py","lineno":788}
{"timestamp":"2025-11-17T01:29:21.662229Z","level":"info","event":"(Re-)joining group consumer_group","logger":"kafka.coordinator","filename":"base.py","lineno":532}
{"timestamp":"2025-11-17T01:29:21.664405Z","level":"warning","event":"Marking the coordinator dead (node coordinator-1) for group consumer_group: [Error 16] NotCoordinatorError.","logger":"kafka.coordinator","filename":"base.py","lineno":810}
{"timestamp":"2025-11-17T01:29:21.664734Z","level":"info","event":"Attempt to join group consumer_group failed due to obsolete coordinator information: NotCoordinatorError","logger":"kafka.coordinator","filename":"base.py","lineno":618}
{"timestamp":"2025-11-17T01:29:21.664970Z","level":"info","event":"Failed to join group consumer_group: [Error 16] NotCoordinatorError","logger":"kafka.coordinator","filename":"base.py","lineno":419}
{"timestamp":"2025-11-17T01:29:21.768154Z","level":"info","event":"Coordinator for group/consumer_group is BrokerMetadata(nodeId='coordinator-1', host='kafka', port=9092, rack=None)","logger":"kafka.cluster","filename":"cluster.py","lineno":401}
{"timestamp":"2025-11-17T01:29:21.768513Z","level":"info","event":"Discovered coordinator coordinator-1 for group consumer_group","logger":"kafka.coordinator","filename":"base.py","lineno":788}
{"timestamp":"2025-11-17T01:29:21.769024Z","level":"info","event":"(Re-)joining group consumer_group","logger":"kafka.coordinator","filename":"base.py","lineno":532}
{"timestamp":"2025-11-17T01:29:21.771373Z","level":"warning","event":"Marking the coordinator dead (node coordinator-1) for group consumer_group: [Error 16] NotCoordinatorError.","logger":"kafka.coordinator","filename":"base.py","lineno":810}
{"timestamp":"2025-11-17T01:29:21.771692Z","level":"info","event":"Attempt to join group consumer_group failed due to obsolete coordinator information: NotCoordinatorError","logger":"kafka.coordinator","filename":"base.py","lineno":618}
{"timestamp":"2025-11-17T01:29:21.771982Z","level":"info","event":"Failed to join group consumer_group: [Error 16] NotCoordinatorError","logger":"kafka.coordinator","filename":"base.py","lineno":419}
{"timestamp":"2025-11-17T01:29:21.875190Z","level":"info","event":"Coordinator for group/consumer_group is BrokerMetadata(nodeId='coordinator-1', host='kafka', port=9092, rack=None)","logger":"kafka.cluster","filename":"cluster.py","lineno":401}
{"timestamp":"2025-11-17T01:29:21.875516Z","level":"info","event":"Discovered coordinator coordinator-1 for group consumer_group","logger":"kafka.coordinator","filename":"base.py","lineno":788}
{"timestamp":"2025-11-17T01:29:21.875821Z","level":"info","event":"(Re-)joining group consumer_group","logger":"kafka.coordinator","filename":"base.py","lineno":532}
{"timestamp":"2025-11-17T01:29:21.878261Z","level":"warning","event":"Marking the coordinator dead (node coordinator-1) for group consumer_group: [Error 16] NotCoordinatorError.","logger":"kafka.coordinator","filename":"base.py","lineno":810}
{"timestamp":"2025-11-17T01:29:21.878729Z","level":"info","event":"Attempt to join group consumer_group failed due to obsolete coordinator information: NotCoordinatorError","logger":"kafka.coordinator","filename":"base.py","lineno":618}
{"timestamp":"2025-11-17T01:29:21.879081Z","level":"info","event":"Failed to join group consumer_group: [Error 16] NotCoordinatorError","logger":"kafka.coordinator","filename":"base.py","lineno":419}
{"timestamp":"2025-11-17T01:29:21.983276Z","level":"info","event":"Coordinator for group/consumer_group is BrokerMetadata(nodeId='coordinator-1', host='kafka', port=9092, rack=None)","logger":"kafka.cluster","filename":"cluster.py","lineno":401}
{"timestamp":"2025-11-17T01:29:21.983702Z","level":"info","event":"Discovered coordinator coordinator-1 for group consumer_group","logger":"kafka.coordinator","filename":"base.py","lineno":788}
{"timestamp":"2025-11-17T01:29:21.984007Z","level":"info","event":"(Re-)joining group consumer_group","logger":"kafka.coordinator","filename":"base.py","lineno":532}
{"timestamp":"2025-11-17T01:29:21.986702Z","level":"warning","event":"Marking the coordinator dead (node coordinator-1) for group consumer_group: [Error 16] NotCoordinatorError.","logger":"kafka.coordinator","filename":"base.py","lineno":810}
{"timestamp":"2025-11-17T01:29:21.986979Z","level":"info","event":"Attempt to join group consumer_group failed due to obsolete coordinator information: NotCoordinatorError","logger":"kafka.coordinator","filename":"base.py","lineno":618}
{"timestamp":"2025-11-17T01:29:21.987334Z","level":"info","event":"Failed to join group consumer_group: [Error 16] NotCoordinatorError","logger":"kafka.coordinator","filename":"base.py","lineno":419}
{"timestamp":"2025-11-17T01:29:22.090820Z","level":"info","event":"Coordinator for group/consumer_group is BrokerMetadata(nodeId='coordinator-1', host='kafka', port=9092, rack=None)","logger":"kafka.cluster","filename":"cluster.py","lineno":401}
{"timestamp":"2025-11-17T01:29:22.091204Z","level":"info","event":"Discovered coordinator coordinator-1 for group consumer_group","logger":"kafka.coordinator","filename":"base.py","lineno":788}
{"timestamp":"2025-11-17T01:29:22.091505Z","level":"info","event":"(Re-)joining group consumer_group","logger":"kafka.coordinator","filename":"base.py","lineno":532}
{"timestamp":"2025-11-17T01:29:22.094618Z","level":"warning","event":"Marking the coordinator dead (node coordinator-1) for group consumer_group: [Error 16] NotCoordinatorError.","logger":"kafka.coordinator","filename":"base.py","lineno":810}
{"timestamp":"2025-11-17T01:29:22.094996Z","level":"info","event":"Attempt to join group consumer_group failed due to obsolete coordinator information: NotCoordinatorError","logger":"kafka.coordinator","filename":"base.py","lineno":618}
{"timestamp":"2025-11-17T01:29:22.095235Z","level":"info","event":"Failed to join group consumer_group: [Error 16] NotCoordinatorError","logger":"kafka.coordinator","filename":"base.py","lineno":419}
{"timestamp":"2025-11-17T01:29:22.198199Z","level":"info","event":"Coordinator for group/consumer_group is BrokerMetadata(nodeId='coordinator-1', host='kafka', port=9092, rack=None)","logger":"kafka.cluster","filename":"cluster.py","lineno":401}
{"timestamp":"2025-11-17T01:29:22.198520Z","level":"info","event":"Discovered coordinator coordinator-1 for group consumer_group","logger":"kafka.coordinator","filename":"base.py","lineno":788}
{"timestamp":"2025-11-17T01:29:22.198736Z","level":"info","event":"(Re-)joining group consumer_group","logger":"kafka.coordinator","filename":"base.py","lineno":532}
{"timestamp":"2025-11-17T01:29:22.201115Z","level":"warning","event":"Marking the coordinator dead (node coordinator-1) for group consumer_group: [Error 16] NotCoordinatorError.","logger":"kafka.coordinator","filename":"base.py","lineno":810}
{"timestamp":"2025-11-17T01:29:22.201406Z","level":"info","event":"Attempt to join group consumer_group failed due to obsolete coordinator information: NotCoordinatorError","logger":"kafka.coordinator","filename":"base.py","lineno":618}
{"timestamp":"2025-11-17T01:29:22.201572Z","level":"info","event":"Failed to join group consumer_group: [Error 16] NotCoordinatorError","logger":"kafka.coordinator","filename":"base.py","lineno":419}
{"timestamp":"2025-11-17T01:29:22.305188Z","level":"info","event":"Coordinator for group/consumer_group is BrokerMetadata(nodeId='coordinator-1', host='kafka', port=9092, rack=None)","logger":"kafka.cluster","filename":"cluster.py","lineno":401}
{"timestamp":"2025-11-17T01:29:22.305621Z","level":"info","event":"Discovered coordinator coordinator-1 for group consumer_group","logger":"kafka.coordinator","filename":"base.py","lineno":788}
{"timestamp":"2025-11-17T01:29:22.306042Z","level":"info","event":"(Re-)joining group consumer_group","logger":"kafka.coordinator","filename":"base.py","lineno":532}
{"timestamp":"2025-11-17T01:29:22.309304Z","level":"warning","event":"Marking the coordinator dead (node coordinator-1) for group consumer_group: [Error 16] NotCoordinatorError.","logger":"kafka.coordinator","filename":"base.py","lineno":810}
{"timestamp":"2025-11-17T01:29:22.309630Z","level":"info","event":"Attempt to join group consumer_group failed due to obsolete coordinator information: NotCoordinatorError","logger":"kafka.coordinator","filename":"base.py","lineno":618}
{"timestamp":"2025-11-17T01:29:22.310105Z","level":"info","event":"Failed to join group consumer_group: [Error 16] NotCoordinatorError","logger":"kafka.coordinator","filename":"base.py","lineno":419}
{"timestamp":"2025-11-17T01:29:22.398140Z","level":"info","event":"Coordinator for group/consumer_group is BrokerMetadata(nodeId='coordinator-1', host='kafka', port=9092, rack=None)","logger":"kafka.cluster","filename":"cluster.py","lineno":401}
{"timestamp":"2025-11-17T01:29:22.398531Z","level":"info","event":"Discovered coordinator coordinator-1 for group consumer_group","logger":"kafka.coordinator","filename":"base.py","lineno":788}
{"timestamp":"2025-11-17T01:29:22.398948Z","level":"info","event":"Stopping heartbeat thread","logger":"kafka.coordinator.heartbeat","filename":"base.py","lineno":1052}
{"timestamp":"2025-11-17T01:29:22.399952Z","level":"info","event":"<BrokerConnection client_id=kafka-python-2.2.15, node_id=1 host=kafka:9092 <connected> [IPv4 ('172.19.0.2', 9092)]>: Closing connection. ","logger":"kafka.conn","filename":"conn.py","lineno":945}
{"timestamp":"2025-11-17T01:29:22.400610Z","level":"info","event":"<BrokerConnection client_id=kafka-python-2.2.15, node_id=coordinator-1 host=kafka:9092 <connected> [IPv4 ('172.19.0.2', 9092)]>: Closing connection. ","logger":"kafka.conn","filename":"conn.py","lineno":945}
{"timestamp":"2025-11-17T01:29:22.402551Z","level":"info","event":"Dont have any messages","logger":"task.stdout"}
{"timestamp":"2025-11-17T01:29:22.402662Z","level":"info","event":"Done. Returned value was: None","logger":"airflow.task.operators.airflow.providers.standard.operators.python.PythonOperator","filename":"python.py","lineno":218}
